<?xml version="1.0" encoding="UTF-8"?>
<testsuite name="TestSuite" time="647.884" tests="3" errors="0" skipped="0" failures="1">
  <properties>
    <property name="java.runtime.name" value="Java(TM) SE Runtime Environment"/>
    <property name="sun.boot.library.path" value="C:\Program Files\Java\jre1.8.0_66\bin"/>
    <property name="java.vm.version" value="25.66-b18"/>
    <property name="java.vm.vendor" value="Oracle Corporation"/>
    <property name="maven.multiModuleProjectDirectory" value="D:\Vishal\Automation - 2017\ICIX_smoke\DevAutomation_smoke"/>
    <property name="java.vendor.url" value="http://java.oracle.com/"/>
    <property name="path.separator" value=";"/>
    <property name="guice.disable.misplaced.annotation.check" value="true"/>
    <property name="java.vm.name" value="Java HotSpot(TM) Client VM"/>
    <property name="file.encoding.pkg" value="sun.io"/>
    <property name="user.script" value=""/>
    <property name="user.country" value="US"/>
    <property name="sun.java.launcher" value="SUN_STANDARD"/>
    <property name="sun.os.patch.level" value="Service Pack 1"/>
    <property name="java.vm.specification.name" value="Java Virtual Machine Specification"/>
    <property name="user.dir" value="D:\Vishal\Automation - 2017\ICIX_smoke\DevAutomation_smoke"/>
    <property name="java.runtime.version" value="1.8.0_66-b18"/>
    <property name="java.awt.graphicsenv" value="sun.awt.Win32GraphicsEnvironment"/>
    <property name="java.endorsed.dirs" value="C:\Program Files\Java\jre1.8.0_66\lib\endorsed"/>
    <property name="os.arch" value="x86"/>
    <property name="java.io.tmpdir" value="C:\Users\vishald\AppData\Local\Temp\"/>
    <property name="line.separator" value="&#10;"/>
    <property name="java.vm.specification.vendor" value="Oracle Corporation"/>
    <property name="user.variant" value=""/>
    <property name="os.name" value="Windows 7"/>
    <property name="classworlds.conf" value="D:\Vishal\Automation - 2017\ICIX_smoke\.metadata\.plugins\org.eclipse.m2e.launching\launches\m2conf4709730454084882938.tmp"/>
    <property name="sun.jnu.encoding" value="Cp1252"/>
    <property name="java.library.path" value="C:\Program Files\Java\jre1.8.0_66\bin;C:\Windows\Sun\Java\bin;C:\Windows\system32;C:\Windows;C:/Program Files/Java/jre1.8.0_66/bin/client;C:/Program Files/Java/jre1.8.0_66/bin;C:/Program Files/Java/jre1.8.0_66/lib/i386;C:\ProgramData\Oracle\Java\javapath;C:\Program Files\apache-maven-3.3.9-bin;C:\Program Files\Skype\Phone\;C:\Program Files\apache-maven-3.3.9\bin;C:\Program Files\Microsoft SQL Server\Client SDK\ODBC\110\Tools\Binn\;C:\Program Files\Microsoft SQL Server\120\Tools\Binn\;C:\Program Files\Microsoft SQL Server\120\DTS\Binn\;C:\Program Files\HP\Unified Functional Testing\bin;D:\Automation\eclipse-java-luna-SR1a-win32\eclipse;;."/>
    <property name="java.specification.name" value="Java Platform API Specification"/>
    <property name="java.class.version" value="52.0"/>
    <property name="sun.management.compiler" value="HotSpot Client Compiler"/>
    <property name="os.version" value="6.1"/>
    <property name="user.home" value="C:\Users\vishald"/>
    <property name="user.timezone" value="Asia/Calcutta"/>
    <property name="java.awt.printerjob" value="sun.awt.windows.WPrinterJob"/>
    <property name="java.specification.version" value="1.8"/>
    <property name="file.encoding" value="Cp1252"/>
    <property name="user.name" value="vishald"/>
    <property name="java.class.path" value="/D:/Automation/eclipse-java-luna-SR1a-win32/eclipse/plugins/org.eclipse.m2e.maven.runtime_1.6.2.20150902-0001/jars/plexus-classworlds-2.5.2.jar"/>
    <property name="java.vm.specification.version" value="1.8"/>
    <property name="sun.arch.data.model" value="32"/>
    <property name="java.home" value="C:\Program Files\Java\jre1.8.0_66"/>
    <property name="sun.java.command" value="org.codehaus.plexus.classworlds.launcher.Launcher -B test"/>
    <property name="java.specification.vendor" value="Oracle Corporation"/>
    <property name="user.language" value="en"/>
    <property name="awt.toolkit" value="sun.awt.windows.WToolkit"/>
    <property name="java.vm.info" value="mixed mode"/>
    <property name="java.version" value="1.8.0_66"/>
    <property name="java.ext.dirs" value="C:\Program Files\Java\jre1.8.0_66\lib\ext;C:\Windows\Sun\Java\lib\ext"/>
    <property name="sun.boot.class.path" value="C:\Program Files\Java\jre1.8.0_66\lib\resources.jar;C:\Program Files\Java\jre1.8.0_66\lib\rt.jar;C:\Program Files\Java\jre1.8.0_66\lib\sunrsasign.jar;C:\Program Files\Java\jre1.8.0_66\lib\jsse.jar;C:\Program Files\Java\jre1.8.0_66\lib\jce.jar;C:\Program Files\Java\jre1.8.0_66\lib\charsets.jar;C:\Program Files\Java\jre1.8.0_66\lib\jfr.jar;C:\Program Files\Java\jre1.8.0_66\classes"/>
    <property name="java.vendor" value="Oracle Corporation"/>
    <property name="maven.home" value="D:\Vishal\Automation - 2017\ICIX_smoke\DevAutomation_smoke\EMBEDDED"/>
    <property name="file.separator" value="\"/>
    <property name="java.vendor.url.bug" value="http://bugreport.sun.com/bugreport/"/>
    <property name="sun.cpu.endian" value="little"/>
    <property name="sun.io.unicode.encoding" value="UnicodeLittle"/>
    <property name="sun.desktop" value="windows"/>
    <property name="sun.cpu.isalist" value="pentium_pro+mmx pentium_pro pentium+mmx pentium i486 i386 i86"/>
  </properties>
  <testcase name="VerifySendRequirement" classname="icix.Tests.TC9666_Test" time="305.265"/>
  <testcase name="VerifySendReqAtRespSide" classname="icix.Tests.TC9666_Test" time="213.439"/>
  <testcase name="VerifyRequestClosedAfterRemovingRequirement" classname="icix.Tests.TC9666_Test" time="129.18">
    <failure message="unknown error: Element &lt;iframe class=&quot;&quot; frameborder=&quot;0&quot; width=&quot;100%&quot; name=&quot;vfFrameId_1488194291584&quot; height=&quot;100%&quot; id=&quot;vfFrameId_1488194291584&quot; scrolling=&quot;yes&quot; data-aura-rendered-by=&quot;83:0&quot; allowfullscreen=&quot;true&quot; src=&quot;https://sdd3v05mvp.na30.visual.force.com/apex/SetPartnergroupRequirement?id=a0b3600000Bdsw3AAB&amp;amp;vfRetURLInSFX=%2Fa0b3600000Bdsw3AAB&amp;amp;isdtp=p1&amp;amp;sfdcIFrameOrigin=https://na30.lightning.force.com&amp;amp;sfdcIFrameHost=web&quot; cd_frame_id_=&quot;0f567b0780f2ef66284429874f36cbf1&quot;&gt;&lt;/iframe&gt; is not clickable at point (603, 25). Other element would receive the click: &lt;input class=&quot;slds-input slds-p-vertical--xxx-small slds-p-left--none slds-size--1-of-1 input default input uiInput uiInputTextForAutocomplete uiInput--{remove}&quot; maxlength=&quot;100&quot; role=&quot;combobox&quot; id=&quot;583:0;p&quot; aria-expanded=&quot;true&quot; aria-autocomplete=&quot;list&quot; type=&quot;text&quot; aria-describedby=&quot;inputDesktop-assistive-text&quot; aria-haspopup=&quot;true&quot; placeholder=&quot;Search Salesforce&quot; aria-activedescendant=&quot;&quot; title=&quot;Search Salesforce&quot; data-aura-rendered-by=&quot;607:0;p&quot; data-aura-class=&quot;uiInput uiInputTextForAutocomplete uiInput--{remove}&quot; data-interactive-lib-uid=&quot;4&quot;&gt;&#10;  (Session info: chrome=56.0.2924.87)&#10;  (Driver info: chromedriver=2.27.440174 (e97a722caafc2d3a8b807ee115bfb307f7d2cfd9),platform=Windows NT 6.1.7601 SP1 x86) (WARNING: The server did not provide any stacktrace information)&#10;Command duration or timeout: 172 milliseconds&#10;Build info: version: &apos;2.53.1&apos;, revision: &apos;a36b8b1cd5757287168e54b817830adce9b0158d&apos;, time: &apos;2016-06-30 19:26:09&apos;&#10;System info: host: &apos;SDMQA-S67&apos;, ip: &apos;172.24.0.86&apos;, os.name: &apos;Windows 7&apos;, os.arch: &apos;x86&apos;, os.version: &apos;6.1&apos;, java.version: &apos;1.8.0_66&apos;&#10;Driver info: org.openqa.selenium.chrome.ChromeDriver&#10;Capabilities [{applicationCacheEnabled=false, rotatable=false, mobileEmulationEnabled=false, networkConnectionEnabled=false, chrome={chromedriverVersion=2.27.440174 (e97a722caafc2d3a8b807ee115bfb307f7d2cfd9), userDataDir=C:\Users\vishald\AppData\Local\Temp\scoped_dir7872_16648}, takesHeapSnapshot=true, pageLoadStrategy=normal, databaseEnabled=false, handlesAlerts=true, hasTouchScreen=false, version=56.0.2924.87, platform=XP, browserConnectionEnabled=false, nativeEvents=true, acceptSslCerts=true, locationContextEnabled=true, webStorageEnabled=true, browserName=chrome, takesScreenshot=true, javascriptEnabled=true, cssSelectorsEnabled=true, unexpectedAlertBehaviour=}]&#10;Session ID: f286101f3499f8e228078d4f8f41eebb" type="org.openqa.selenium.WebDriverException"><![CDATA[org.openqa.selenium.WebDriverException: unknown error: Element <iframe class="" frameborder="0" width="100%" name="vfFrameId_1488194291584" height="100%" id="vfFrameId_1488194291584" scrolling="yes" data-aura-rendered-by="83:0" allowfullscreen="true" src="https://sdd3v05mvp.na30.visual.force.com/apex/SetPartnergroupRequirement?id=a0b3600000Bdsw3AAB&amp;vfRetURLInSFX=%2Fa0b3600000Bdsw3AAB&amp;isdtp=p1&amp;sfdcIFrameOrigin=https://na30.lightning.force.com&amp;sfdcIFrameHost=web" cd_frame_id_="0f567b0780f2ef66284429874f36cbf1"></iframe> is not clickable at point (603, 25). Other element would receive the click: <input class="slds-input slds-p-vertical--xxx-small slds-p-left--none slds-size--1-of-1 input default input uiInput uiInputTextForAutocomplete uiInput--{remove}" maxlength="100" role="combobox" id="583:0;p" aria-expanded="true" aria-autocomplete="list" type="text" aria-describedby="inputDesktop-assistive-text" aria-haspopup="true" placeholder="Search Salesforce" aria-activedescendant="" title="Search Salesforce" data-aura-rendered-by="607:0;p" data-aura-class="uiInput uiInputTextForAutocomplete uiInput--{remove}" data-interactive-lib-uid="4">
  (Session info: chrome=56.0.2924.87)
  (Driver info: chromedriver=2.27.440174 (e97a722caafc2d3a8b807ee115bfb307f7d2cfd9),platform=Windows NT 6.1.7601 SP1 x86) (WARNING: The server did not provide any stacktrace information)
Command duration or timeout: 172 milliseconds
Build info: version: '2.53.1', revision: 'a36b8b1cd5757287168e54b817830adce9b0158d', time: '2016-06-30 19:26:09'
System info: host: 'SDMQA-S67', ip: '172.24.0.86', os.name: 'Windows 7', os.arch: 'x86', os.version: '6.1', java.version: '1.8.0_66'
Driver info: org.openqa.selenium.chrome.ChromeDriver
Capabilities [{applicationCacheEnabled=false, rotatable=false, mobileEmulationEnabled=false, networkConnectionEnabled=false, chrome={chromedriverVersion=2.27.440174 (e97a722caafc2d3a8b807ee115bfb307f7d2cfd9), userDataDir=C:\Users\vishald\AppData\Local\Temp\scoped_dir7872_16648}, takesHeapSnapshot=true, pageLoadStrategy=normal, databaseEnabled=false, handlesAlerts=true, hasTouchScreen=false, version=56.0.2924.87, platform=XP, browserConnectionEnabled=false, nativeEvents=true, acceptSslCerts=true, locationContextEnabled=true, webStorageEnabled=true, browserName=chrome, takesScreenshot=true, javascriptEnabled=true, cssSelectorsEnabled=true, unexpectedAlertBehaviour=}]
Session ID: f286101f3499f8e228078d4f8f41eebb
	at sun.reflect.NativeConstructorAccessorImpl.newInstance0(Native Method)
	at sun.reflect.NativeConstructorAccessorImpl.newInstance(Unknown Source)
	at sun.reflect.DelegatingConstructorAccessorImpl.newInstance(Unknown Source)
	at java.lang.reflect.Constructor.newInstance(Unknown Source)
	at org.openqa.selenium.remote.ErrorHandler.createThrowable(ErrorHandler.java:206)
	at org.openqa.selenium.remote.ErrorHandler.throwIfResponseFailed(ErrorHandler.java:158)
	at org.openqa.selenium.remote.RemoteWebDriver.execute(RemoteWebDriver.java:678)
	at org.openqa.selenium.remote.RemoteWebElement.execute(RemoteWebElement.java:327)
	at org.openqa.selenium.remote.RemoteWebElement.click(RemoteWebElement.java:85)
	at icix.Utils.Common.GlobalSearch(Common.java:283)
	at icix.Modules.TPGroupCompliance.searchAnythingTest(TPGroupCompliance.java:198)
	at icix.Tests.TC10753_Test.VerifyRequestClosedAfterRemovingRequirement(TC10753_Test.java:36)
	at icix.Tests.TC9666_Test.VerifyRequestClosedAfterRemovingRequirement(TC9666_Test.java:56)
]]></failure>
    <system-out><![CDATA[The testcase name is VerifyRequestClosedAfterRemovingRequirement
Screenshot captured
Screenshot captured
Screenshot captured
Switching to frame: 2
]]></system-out>
  </testcase>
</testsuite>