<?xml version="1.0" encoding="UTF-8"?>
<!-- Generated by org.testng.reporters.JUnitReportReporter -->
<testsuite hostname="SDMMAC-F60-2.local" name="com.org.Example.myproject.TC9659_Test" tests="1" failures="0" timestamp="17 Oct 2016 07:52:58 GMT" time="84.029" errors="0">
  <testcase name="Tagstest" time="84.029" classname="com.org.Example.myproject.TC9659_Test"/>
</testsuite> <!-- com.org.Example.myproject.TC9659_Test -->
