<?xml version="1.0" encoding="UTF-8"?>
<!-- Generated by org.testng.reporters.JUnitReportReporter -->
<testsuite hostname="SDN-151" name="com.org.Example.myproject.Connectto_TpartnerTest" tests="1" failures="0" timestamp="21 Apr 2016 05:45:58 GMT" time="94.789" errors="0">
  <testcase name="Auccount_verification" time="94.789" classname="com.org.Example.myproject.Connectto_TpartnerTest"/>
</testsuite> <!-- com.org.Example.myproject.Connectto_TpartnerTest -->
