<?xml version="1.0" encoding="UTF-8"?>
<!-- Generated by org.testng.reporters.JUnitReportReporter -->
<testsuite hostname="SDN-151" name="com.org.Example.myproject.TC9826_Test" tests="1" failures="0" timestamp="17 May 2016 06:56:50 GMT" time="480.580" errors="0">
  <testcase name="createNew_form" time="480.580" classname="com.org.Example.myproject.TC9826_Test"/>
</testsuite> <!-- com.org.Example.myproject.TC9826_Test -->
