<?xml version="1.0" encoding="UTF-8"?>
<!-- Generated by org.testng.reporters.JUnitReportReporter -->
<testsuite hostname="DESKTOP-32AV7CG" name="com.org.Example.myproject.ForTest" tests="1" failures="0" timestamp="9 Dec 2016 13:00:14 GMT" time="113.203" errors="0">
  <testcase name="Save_reqs" time="113.203" classname="com.org.Example.myproject.ForTest"/>
</testsuite> <!-- com.org.Example.myproject.ForTest -->
