<?xml version="1.0" encoding="UTF-8"?>
<!-- Generated by org.testng.reporters.JUnitReportReporter -->
<testsuite hostname="SDMQA--B51" name="icix.Tests.TC9652_Test" tests="1" failures="0" timestamp="9 Feb 2017 13:59:38 GMT" time="133.020" errors="0">
  <testcase name="testSearchByAddAndName" time="133.020" classname="icix.Tests.TC9652_Test"/>
</testsuite> <!-- icix.Tests.TC9652_Test -->
