<?xml version="1.0" encoding="UTF-8"?>
<!-- Generated by org.testng.reporters.JUnitReportReporter -->
<testsuite hostname="SDMMAC-F60-2.local" name="com.org.Example.myproject.TC9648_Test" tests="1" failures="0" timestamp="6 Oct 2016 10:15:55 GMT" time="64.206" errors="0">
  <testcase name="SearchByCompanyName" time="64.206" classname="com.org.Example.myproject.TC9648_Test"/>
</testsuite> <!-- com.org.Example.myproject.TC9648_Test -->
