<?xml version="1.0" encoding="UTF-8"?>
<!-- Generated by org.testng.reporters.JUnitReportReporter -->
<testsuite hostname="SDN-151" name="com.org.Example.myproject.TC9658_Test" tests="1" failures="0" timestamp="11 May 2016 08:29:57 GMT" time="278.373" errors="0">
  <testcase name="searchingfor_conectTOproduct" time="278.373" classname="com.org.Example.myproject.TC9658_Test"/>
</testsuite> <!-- com.org.Example.myproject.TC9658_Test -->
