<?xml version="1.0" encoding="UTF-8"?>
<!-- Generated by org.testng.reporters.JUnitReportReporter -->
<testsuite hostname="SDN-154" name="com.org.Example.myproject.TC9652_Test" tests="1" failures="0" timestamp="15 Jun 2016 06:00:23 GMT" time="83.338" errors="0">
  <testcase name="testSearchByIcixId" time="83.338" classname="com.org.Example.myproject.TC9652_Test"/>
</testsuite> <!-- com.org.Example.myproject.TC9652_Test -->
