<?xml version="1.0" encoding="UTF-8"?>
<!-- Generated by org.testng.reporters.JUnitReportReporter -->
<testsuite hostname="Laptop-2" name="com.org.Example.myproject.TC9647_Test" tests="1" failures="0" timestamp="24 May 2016 09:57:15 GMT" time="111.493" errors="0">
  <testcase name="Auccount_verification" time="111.493" classname="com.org.Example.myproject.TC9647_Test"/>
</testsuite> <!-- com.org.Example.myproject.TC9647_Test -->
