<?xml version="1.0" encoding="UTF-8"?>
<!-- Generated by org.testng.reporters.JUnitReportReporter -->
<testsuite hostname="DESKTOP-JBB3FTI" name="com.org.Example.myproject.TC9665_Test" tests="1" failures="0" timestamp="5 Jul 2016 08:50:37 GMT" time="149.397" errors="0">
  <testcase name="test" time="149.397" classname="com.org.Example.myproject.TC9665_Test"/>
</testsuite> <!-- com.org.Example.myproject.TC9665_Test -->
