<?xml version="1.0" encoding="UTF-8"?>
<!-- Generated by org.testng.reporters.JUnitReportReporter -->
<testsuite hostname="DESKTOP-32AV7CG" name="com.org.Example.myproject.TC10461_Test" tests="1" failures="0" timestamp="29 Nov 2016 08:32:48 GMT" time="73.478" errors="0">
  <testcase name="TPG_RelationshipStatus" time="73.478" classname="com.org.Example.myproject.TC10461_Test"/>
</testsuite> <!-- com.org.Example.myproject.TC10461_Test -->
