<?xml version="1.0" encoding="UTF-8"?>
<!-- Generated by org.testng.reporters.JUnitReportReporter -->
<testsuite hostname="SDN-151" name="com.org.Example.myproject.UploadNew_privatedocumentTest" tests="1" failures="0" timestamp="15 Apr 2016 16:16:25 GMT" time="83.298" errors="0">
  <testcase name="send_document" time="83.298" classname="com.org.Example.myproject.UploadNew_privatedocumentTest"/>
</testsuite> <!-- com.org.Example.myproject.UploadNew_privatedocumentTest -->
