<?xml version="1.0" encoding="UTF-8"?>
<!-- Generated by org.testng.reporters.JUnitReportReporter -->
<testsuite hostname="SDN-154" name="com.org.Example.myproject.TC9879_Test" tests="1" failures="0" timestamp="10 Jun 2016 10:32:31 GMT" time="318.843" errors="0">
  <testcase name="createNew_form" time="318.843" classname="com.org.Example.myproject.TC9879_Test"/>
</testsuite> <!-- com.org.Example.myproject.TC9879_Test -->
