<?xml version="1.0" encoding="UTF-8"?>
<!-- Generated by org.testng.reporters.JUnitReportReporter -->
<testsuite hostname="Laptop-2" name="com.org.Example.myproject.TC9733_Test" tests="1" failures="0" timestamp="23 May 2016 13:00:30 GMT" time="472.440" errors="0">
  <testcase name="Approve_Request" time="472.440" classname="com.org.Example.myproject.TC9733_Test"/>
</testsuite> <!-- com.org.Example.myproject.TC9733_Test -->
