<?xml version="1.0" encoding="UTF-8"?>
<!-- Generated by org.testng.reporters.JUnitReportReporter -->
<testsuite hostname="SDN-151" name="com.org.Example.myproject.TC9676_Test" tests="1" failures="0" timestamp="6 May 2016 05:35:38 GMT" time="110.014" errors="0">
  <testcase name="uploadprivatedocument" time="110.014" classname="com.org.Example.myproject.TC9676_Test"/>
</testsuite> <!-- com.org.Example.myproject.TC9676_Test -->
