<?xml version="1.0" encoding="UTF-8"?>
<!-- Generated by org.testng.reporters.JUnitReportReporter -->
<testsuite hostname="SDMMAC-F60-2.local" name="com.org.Example.myproject.TC10781_Test" tests="1" failures="0" timestamp="16 Nov 2016 12:48:17 GMT" time="93.000" errors="0">
  <testcase name="CreateProductWithoutUniversalId" time="93.000" classname="com.org.Example.myproject.TC10781_Test"/>
</testsuite> <!-- com.org.Example.myproject.TC10781_Test -->
