<?xml version="1.0" encoding="UTF-8"?>
<!-- Generated by org.testng.reporters.JUnitReportReporter -->
<testsuite hostname="SDMMAC-F60-2.local" name="com.org.Example.myproject.TC10782_Test" tests="1" failures="0" timestamp="1 Nov 2016 12:09:21 GMT" time="105.659" errors="0">
  <testcase name="CreateProductWithUniversalId" time="105.659" classname="com.org.Example.myproject.TC10782_Test"/>
</testsuite> <!-- com.org.Example.myproject.TC10782_Test -->
