<?xml version="1.0" encoding="UTF-8"?>
<!-- Generated by org.testng.reporters.JUnitReportReporter -->
<testsuite hostname="SDN-271" name="icix.Tests.TC9672_Test" tests="1" failures="0" timestamp="29 Aug 2017 15:27:03 GMT" time="483.294" errors="0">
  <testcase name="TwoActorWorkFlow" time="483.294" classname="icix.Tests.TC9672_Test"/>
</testsuite> <!-- icix.Tests.TC9672_Test -->
