<?xml version="1.0" encoding="UTF-8"?>
<!-- Generated by org.testng.reporters.JUnitReportReporter -->
<testsuite hostname="SDMMG-F29" name="com.org.Example.myproject.TC9910_Test" tests="1" failures="0" timestamp="20 Dec 2016 05:05:38 GMT" time="384.524" errors="0">
  <testcase name="BPF_Scenario30" time="384.524" classname="com.org.Example.myproject.TC9910_Test"/>
</testsuite> <!-- com.org.Example.myproject.TC9910_Test -->
