<?xml version="1.0" encoding="UTF-8"?>
<!-- Generated by org.testng.reporters.JUnitReportReporter -->
<testsuite hostname="SDN-151" name="com.org.Example.myproject.TC9825_Test" tests="1" failures="0" timestamp="13 May 2016 16:13:38 GMT" time="99.698" errors="0">
  <testcase name="send_document" time="99.698" classname="com.org.Example.myproject.TC9825_Test"/>
</testsuite> <!-- com.org.Example.myproject.TC9825_Test -->
