<?xml version="1.0" encoding="UTF-8"?>
<!-- Generated by org.testng.reporters.JUnitReportReporter -->
<testsuite hostname="SDMMAC-F60-2.local" name="com.org.Example.myproject.TC9652_Test" tests="1" failures="0" timestamp="4 Nov 2016 11:53:17 GMT" time="86.702" errors="0">
  <testcase name="testSearchByAddAndName" time="86.702" classname="com.org.Example.myproject.TC9652_Test"/>
</testsuite> <!-- com.org.Example.myproject.TC9652_Test -->
