<?xml version="1.0" encoding="UTF-8"?>
<!-- Generated by org.testng.reporters.JUnitReportReporter -->
<testsuite hostname="DESKTOP-VNDJS5D" name="icix.Tests.TC10759_Test" tests="1" failures="0" timestamp="24 Jan 2017 12:30:38 GMT" time="408.997" errors="0">
  <testcase name="SendReqToActiveStatusTPG" time="408.997" classname="icix.Tests.TC10759_Test"/>
</testsuite> <!-- icix.Tests.TC10759_Test -->
