<?xml version="1.0" encoding="UTF-8"?>
<!-- Generated by org.testng.reporters.JUnitReportReporter -->
<testsuite hostname="SDN-271" name="icix.Tests.TC9883_Test" tests="1" failures="0" timestamp="6 Feb 2017 08:09:34 GMT" time="279.374" errors="0">
  <testcase name="CF_Scenario19" time="279.374" classname="icix.Tests.TC9883_Test"/>
</testsuite> <!-- icix.Tests.TC9883_Test -->
