<?xml version="1.0" encoding="UTF-8"?>
<!-- Generated by org.testng.reporters.JUnitReportReporter -->
<testsuite hostname="SDMMAC-F60-2.local" name="com.org.Example.myproject.TC9649_Test" tests="1" failures="0" timestamp="17 Oct 2016 08:03:41 GMT" time="64.787" errors="0">
  <testcase name="testSearchByIcixId" time="64.787" classname="com.org.Example.myproject.TC9649_Test"/>
</testsuite> <!-- com.org.Example.myproject.TC9649_Test -->
