<?xml version="1.0" encoding="UTF-8"?>
<!-- Generated by org.testng.reporters.JUnitReportReporter -->
<testsuite hostname="DESKTOP-JBB3FTI" name="com.org.Example.myproject.TC9878_Test" tests="1" failures="0" timestamp="11 Jul 2016 09:14:32 GMT" time="574.290" errors="0">
  <testcase name="createNew_form" time="574.290" classname="com.org.Example.myproject.TC9878_Test"/>
</testsuite> <!-- com.org.Example.myproject.TC9878_Test -->
