<?xml version="1.0" encoding="UTF-8"?>
<!-- Generated by org.testng.reporters.JUnitReportReporter -->
<testsuite hostname="SDMMAC-F60-2.local" name="com.org.Example.myproject.TC10782_Test" tests="2" failures="0" timestamp="20 Feb 2017 11:29:21 GMT" time="216.300" errors="0">
  <testcase name="CreateProductWithUniversalId" time="104.554" classname="com.org.Example.myproject.TC10782_Test"/>
  <testcase name="CreateProductWithUniversalId" time="111.746" classname="com.org.Example.myproject.TC10782_Test"/>
</testsuite> <!-- com.org.Example.myproject.TC10782_Test -->
