<?xml version="1.0" encoding="UTF-8"?>
<!-- Generated by org.testng.reporters.JUnitReportReporter -->
<testsuite hostname="SDN-154" name="com.org.Example.myproject.TC9877_Test" tests="1" failures="0" timestamp="10 Jun 2016 10:14:20 GMT" time="353.445" errors="0">
  <testcase name="createNew_form" time="353.445" classname="com.org.Example.myproject.TC9877_Test"/>
</testsuite> <!-- com.org.Example.myproject.TC9877_Test -->
