<?xml version="1.0" encoding="UTF-8"?>
<!-- Generated by org.testng.reporters.JUnitReportReporter -->
<testsuite hostname="SDN-154" name="com.org.Example.myproject.TC9887_Test" tests="1" failures="0" timestamp="10 Jun 2016 12:30:33 GMT" time="930.725" errors="0">
  <testcase name="createNew_form" time="930.725" classname="com.org.Example.myproject.TC9887_Test"/>
</testsuite> <!-- com.org.Example.myproject.TC9887_Test -->
