<?xml version="1.0" encoding="UTF-8"?>
<!-- Generated by org.testng.reporters.JUnitReportReporter -->
<testsuite hostname="DESKTOP-32AV7CG" name="com.org.Example.myproject.TC9647_Test" tests="1" failures="0" timestamp="15 Sep 2016 08:32:22 GMT" time="68.677" errors="0">
  <testcase name="Auccount_verification" time="68.677" classname="com.org.Example.myproject.TC9647_Test"/>
</testsuite> <!-- com.org.Example.myproject.TC9647_Test -->
