<?xml version="1.0" encoding="UTF-8"?>
<!-- Generated by org.testng.reporters.JUnitReportReporter -->
<testsuite hostname="SDMMAC-F60-2.local" name="com.org.Example.myproject.TC10782_Test" tests="1" failures="0" timestamp="21 Nov 2016 07:18:54 GMT" time="95.911" errors="0">
  <testcase name="CreateProductWithUniversalId" time="95.911" classname="com.org.Example.myproject.TC10782_Test"/>
</testsuite> <!-- com.org.Example.myproject.TC10782_Test -->
