<?xml version="1.0" encoding="UTF-8"?>
<!-- Generated by org.testng.reporters.JUnitReportReporter -->
<testsuite hostname="SDN-154" name="com.org.Example.myproject.TC9672_Test" tests="1" failures="0" timestamp="21 Jun 2016 05:16:05 GMT" time="355.384" errors="0">
  <testcase name="TwoActorWorkFlow" time="355.384" classname="com.org.Example.myproject.TC9672_Test"/>
</testsuite> <!-- com.org.Example.myproject.TC9672_Test -->
