<?xml version="1.0" encoding="UTF-8"?>
<!-- Generated by org.testng.reporters.JUnitReportReporter -->
<testsuite hostname="SDN-151" name="com.org.Example.myproject.MouseHover" tests="1" failures="0" timestamp="12 Apr 2016 05:11:52 GMT" time="3.225" errors="0">
  <testcase name="mouse" time="3.225" classname="com.org.Example.myproject.MouseHover"/>
</testsuite> <!-- com.org.Example.myproject.MouseHover -->
