<?xml version="1.0" encoding="UTF-8"?>
<!-- Generated by org.testng.reporters.JUnitReportReporter -->
<testsuite hostname="SDMMAC-F60-2.local" name="com.org.Example.myproject.TC9673_Test" tests="1" failures="0" timestamp="21 Nov 2016 05:40:53 GMT" time="451.245" errors="0">
  <testcase name="productTwoactor_workflow" time="451.245" classname="com.org.Example.myproject.TC9673_Test"/>
</testsuite> <!-- com.org.Example.myproject.TC9673_Test -->
