<?xml version="1.0" encoding="UTF-8"?>
<!-- Generated by org.testng.reporters.JUnitReportReporter -->
<testsuite hostname="SDN-154" name="com.org.Example.myproject.TC9668_Test" tests="1" failures="0" timestamp="15 Jun 2016 09:48:36 GMT" time="136.260" errors="0">
  <testcase name="test" time="136.260" classname="com.org.Example.myproject.TC9668_Test"/>
</testsuite> <!-- com.org.Example.myproject.TC9668_Test -->
