<?xml version="1.0" encoding="UTF-8"?>
<!-- Generated by org.testng.reporters.JUnitReportReporter -->
<testsuite hostname="DESKTOP-JBB3FTI" name="com.org.Example.myproject.TC9871_Test" tests="1" failures="0" timestamp="11 Jul 2016 05:01:11 GMT" time="127.005" errors="0">
  <testcase name="createNew_form" time="127.005" classname="com.org.Example.myproject.TC9871_Test"/>
</testsuite> <!-- com.org.Example.myproject.TC9871_Test -->
