<?xml version="1.0" encoding="UTF-8"?>
<!-- Generated by org.testng.reporters.JUnitReportReporter -->
<testsuite hostname="SDMMAC-F60-2.local" name="com.org.Example.myproject.TC9659_Test" tests="1" failures="0" timestamp="16 Nov 2016 12:04:45 GMT" time="138.707" errors="0">
  <testcase name="Tagstest" time="138.707" classname="com.org.Example.myproject.TC9659_Test"/>
</testsuite> <!-- com.org.Example.myproject.TC9659_Test -->
