<?xml version="1.0" encoding="UTF-8"?>
<!-- Generated by org.testng.reporters.JUnitReportReporter -->
<testsuite hostname="SDN-271" name="icix.Tests.TC9648_Test" tests="1" failures="0" timestamp="21 Aug 2017 14:48:58 GMT" time="83.002" errors="0">
  <testcase name="SearchByCompanyName" time="83.002" classname="icix.Tests.TC9648_Test"/>
</testsuite> <!-- icix.Tests.TC9648_Test -->
