<?xml version="1.0" encoding="UTF-8"?>
<!-- Generated by org.testng.reporters.JUnitReportReporter -->
<testsuite hostname="SDN-154" name="com.org.Example.myproject.TC9675_Test" tests="1" failures="0" timestamp="17 Jun 2016 09:34:23 GMT" time="163.781" errors="0">
  <testcase name="uploadpublicdocument" time="163.781" classname="com.org.Example.myproject.TC9675_Test"/>
</testsuite> <!-- com.org.Example.myproject.TC9675_Test -->
