<?xml version="1.0" encoding="UTF-8"?>
<!-- Generated by org.testng.reporters.JUnitReportReporter -->
<testsuite hostname="SDMMAC-F60-2.local" name="com.org.Example.myproject.TC9675_Test" tests="1" failures="0" timestamp="28 Nov 2016 10:28:03 GMT" time="117.198" errors="0">
  <testcase name="uploadpublicdocument" time="117.198" classname="com.org.Example.myproject.TC9675_Test"/>
</testsuite> <!-- com.org.Example.myproject.TC9675_Test -->
