<?xml version="1.0" encoding="UTF-8"?>
<!-- Generated by org.testng.reporters.JUnitReportReporter -->
<testsuite hostname="SDN-154" name="com.org.Example.myproject.TC9888_Test" tests="1" failures="0" timestamp="29 Jun 2016 09:49:25 GMT" time="1493.772" errors="0">
  <testcase name="createNew_form" time="1493.772" classname="com.org.Example.myproject.TC9888_Test"/>
</testsuite> <!-- com.org.Example.myproject.TC9888_Test -->
