<?xml version="1.0" encoding="UTF-8"?>
<!-- Generated by org.testng.reporters.JUnitReportReporter -->
<testsuite hostname="DESKTOP-32AV7CG" name="com.org.Example.myproject.TC9881_Test" tests="1" failures="0" timestamp="2 Dec 2016 06:26:05 GMT" time="218.471" errors="0">
  <testcase name="CF_Scenario53" time="218.471" classname="com.org.Example.myproject.TC9881_Test"/>
</testsuite> <!-- com.org.Example.myproject.TC9881_Test -->
