<?xml version="1.0" encoding="UTF-8"?>
<!-- Generated by org.testng.reporters.JUnitReportReporter -->
<testsuite hostname="SDN-151" name="com.org.Example.myproject.TwoActorworkflowTest" tests="1" failures="0" timestamp="29 Apr 2016 04:22:24 GMT" time="386.231" errors="0">
  <testcase name="TwoActorWorkFlow" time="386.231" classname="com.org.Example.myproject.TwoActorworkflowTest"/>
</testsuite> <!-- com.org.Example.myproject.TwoActorworkflowTest -->
