<?xml version="1.0" encoding="UTF-8"?>
<!-- Generated by org.testng.reporters.JUnitReportReporter -->
<testsuite hostname="SDMMAC-F60-2.local" name="com.org.Example.myproject.TC10781_Test" tests="1" failures="0" timestamp="21 Nov 2016 07:15:34 GMT" time="95.800" errors="0">
  <testcase name="CreateProductWithoutUniversalId" time="95.800" classname="com.org.Example.myproject.TC10781_Test"/>
</testsuite> <!-- com.org.Example.myproject.TC10781_Test -->
