<?xml version="1.0" encoding="UTF-8"?>
<!-- Generated by org.testng.reporters.JUnitReportReporter -->
<testsuite hostname="SDMMAC-F60-2.local" name="com.org.Example.myproject.TC9650_Test" tests="1" failures="0" timestamp="4 Nov 2016 11:29:39 GMT" time="76.913" errors="0">
  <testcase name="testSearchByIcixId" time="76.913" classname="com.org.Example.myproject.TC9650_Test"/>
</testsuite> <!-- com.org.Example.myproject.TC9650_Test -->
