<?xml version="1.0" encoding="UTF-8"?>
<!-- Generated by org.testng.reporters.JUnitReportReporter -->
<testsuite hostname="SDN-154" name="com.org.Example.myproject.TC9910_Test" tests="1" failures="0" timestamp="29 Jun 2016 10:53:11 GMT" time="761.646" errors="0">
  <testcase name="createNew_form" time="761.646" classname="com.org.Example.myproject.TC9910_Test"/>
</testsuite> <!-- com.org.Example.myproject.TC9910_Test -->
