<?xml version="1.0" encoding="UTF-8"?>
<!-- Generated by org.testng.reporters.JUnitReportReporter -->
<testsuite hostname="SDMQA-S67" name="icix.Tests.TC10752_Test" tests="1" failures="0" timestamp="22 Feb 2017 14:41:10 GMT" time="752.937" errors="0">
  <testcase name="VerifySendReqAtRespSide" time="752.937" classname="icix.Tests.TC10752_Test"/>
</testsuite> <!-- icix.Tests.TC10752_Test -->
