<?xml version="1.0" encoding="UTF-8"?>
<!-- Generated by org.testng.reporters.JUnitReportReporter -->
<testsuite hostname="SDMMAC-F60-2.local" name="com.org.Example.myproject.TC9665_Test" tests="1" failures="0" timestamp="21 Nov 2016 09:09:24 GMT" time="122.697" errors="0">
  <testcase name="test" time="122.697" classname="com.org.Example.myproject.TC9665_Test"/>
</testsuite> <!-- com.org.Example.myproject.TC9665_Test -->
