<?xml version="1.0" encoding="UTF-8"?>
<!-- Generated by org.testng.reporters.JUnitReportReporter -->
<testsuite hostname="DESKTOP-32AV7CG" name="com.org.Example.myproject.TC9648_Test" tests="1" failures="0" timestamp="19 Sep 2016 06:51:24 GMT" time="59.304" errors="0">
  <testcase name="testSearchByIcixId" time="59.304" classname="com.org.Example.myproject.TC9648_Test"/>
</testsuite> <!-- com.org.Example.myproject.TC9648_Test -->
