<?xml version="1.0" encoding="UTF-8"?>
<!-- Generated by org.testng.reporters.JUnitReportReporter -->
<testsuite hostname="SDMMAC-F60-2.local" name="com.org.Example.myproject.TC9648_Test" tests="1" failures="0" timestamp="16 Nov 2016 11:57:13 GMT" time="87.554" errors="0">
  <testcase name="SearchByCompanyName" time="87.554" classname="com.org.Example.myproject.TC9648_Test"/>
</testsuite> <!-- com.org.Example.myproject.TC9648_Test -->
