<?xml version="1.0" encoding="UTF-8"?>
<!-- Generated by org.testng.reporters.JUnitReportReporter -->
<testsuite hostname="SDN-151" name="com.org.Example.myproject.ProductgroupTest" tests="1" failures="0" timestamp="22 Apr 2016 03:47:00 GMT" time="180.751" errors="0">
  <testcase name="test" time="180.751" classname="com.org.Example.myproject.ProductgroupTest"/>
</testsuite> <!-- com.org.Example.myproject.ProductgroupTest -->
