<?xml version="1.0" encoding="UTF-8"?>
<!-- Generated by org.testng.reporters.JUnitReportReporter -->
<testsuite hostname="amitm-F81" name="com.org.Example.myproject.TC9912_Test" tests="1" failures="0" timestamp="31 May 2016 09:18:13 GMT" time="538.704" errors="0">
  <testcase name="createNew_form" time="538.704" classname="com.org.Example.myproject.TC9912_Test"/>
</testsuite> <!-- com.org.Example.myproject.TC9912_Test -->
