<?xml version="1.0" encoding="UTF-8"?>
<!-- Generated by org.testng.reporters.JUnitReportReporter -->
<testsuite hostname="SDN-151" name="com.org.Example.myproject.Create_privateproductTest" tests="1" failures="0" timestamp="28 Apr 2016 08:25:59 GMT" time="323.645" errors="0">
  <testcase name="private_product" time="323.645" classname="com.org.Example.myproject.Create_privateproductTest"/>
</testsuite> <!-- com.org.Example.myproject.Create_privateproductTest -->
