<?xml version="1.0" encoding="UTF-8"?>
<!-- Generated by org.testng.reporters.JUnitReportReporter -->
<testsuite hostname="SDN-151" name="com.org.Example.myproject.TPSearchIDTest" tests="1" failures="0" timestamp="20 Apr 2016 09:24:35 GMT" time="91.116" errors="0">
  <testcase name="testSearchByIcixId" time="91.116" classname="com.org.Example.myproject.TPSearchIDTest"/>
</testsuite> <!-- com.org.Example.myproject.TPSearchIDTest -->
