<?xml version="1.0" encoding="UTF-8"?>
<!-- Generated by org.testng.reporters.JUnitReportReporter -->
<testsuite hostname="SDN-151" name="com.org.Example.myproject.UploadNew_documentTest" tests="1" failures="0" timestamp="19 Apr 2016 12:33:05 GMT" time="155.238" errors="0">
  <testcase name="send_document" time="155.238" classname="com.org.Example.myproject.UploadNew_documentTest"/>
</testsuite> <!-- com.org.Example.myproject.UploadNew_documentTest -->
