<?xml version="1.0" encoding="UTF-8"?>
<!-- Generated by org.testng.reporters.JUnitReportReporter -->
<testsuite hostname="SDN-151" name="com.org.Example.myproject.Edit_TPgroupTest" tests="1" failures="0" timestamp="21 Apr 2016 03:06:54 GMT" time="117.343" errors="0">
  <testcase name="test" time="117.343" classname="com.org.Example.myproject.Edit_TPgroupTest"/>
</testsuite> <!-- com.org.Example.myproject.Edit_TPgroupTest -->
