<?xml version="1.0" encoding="UTF-8"?>
<!-- Generated by org.testng.reporters.JUnitReportReporter -->
<testsuite hostname="SDN-271" name="icix.Tests.TC9884_Test" tests="1" failures="0" timestamp="7 Feb 2017 06:47:08 GMT" time="317.401" errors="0">
  <testcase name="BPF_Scenario24" time="317.401" classname="icix.Tests.TC9884_Test"/>
</testsuite> <!-- icix.Tests.TC9884_Test -->
