<?xml version="1.0" encoding="UTF-8"?>
<!-- Generated by org.testng.reporters.JUnitReportReporter -->
<testsuite hostname="SDN-209" name="icix.Tests.TC10469_Test" tests="1" failures="0" timestamp="14 Apr 2017 09:40:59 GMT" time="223.424" errors="0">
  <testcase name="Save_reqs" time="223.424" classname="icix.Tests.TC10469_Test"/>
</testsuite> <!-- icix.Tests.TC10469_Test -->
