<?xml version="1.0" encoding="UTF-8"?>
<!-- Generated by org.testng.reporters.JUnitReportReporter -->
<testsuite hostname="SDN-154" name="com.org.Example.myproject.TC9651_Test" tests="1" failures="0" timestamp="15 Jun 2016 05:57:49 GMT" time="106.974" errors="0">
  <testcase name="testSearchByIcixId" time="106.974" classname="com.org.Example.myproject.TC9651_Test"/>
</testsuite> <!-- com.org.Example.myproject.TC9651_Test -->
