<?xml version="1.0" encoding="UTF-8"?>
<!-- Generated by org.testng.reporters.JUnitReportReporter -->
<testsuite hostname="SDMMAC-F60-2.local" name="icix.Tests.Demo_3ActorWorkflow" tests="1" failures="0" timestamp="23 Dec 2016 16:16:18 GMT" time="570.445" errors="0">
  <testcase name="Verify3ActorWorkflow" time="570.445" classname="icix.Tests.Demo_3ActorWorkflow"/>
</testsuite> <!-- icix.Tests.Demo_3ActorWorkflow -->
