<?xml version="1.0" encoding="UTF-8"?>
<!-- Generated by org.testng.reporters.JUnitReportReporter -->
<testsuite hostname="Laptop-2" name="com.org.Example.myproject.TC9659_Test" tests="1" failures="0" timestamp="26 May 2016 11:13:55 GMT" time="140.514" errors="0">
  <testcase name="Tagstest" time="140.514" classname="com.org.Example.myproject.TC9659_Test"/>
</testsuite> <!-- com.org.Example.myproject.TC9659_Test -->
