<?xml version="1.0" encoding="UTF-8"?>
<!-- Generated by org.testng.reporters.JUnitReportReporter -->
<testsuite hostname="SDN-154" name="com.org.Example.myproject.TC9878_Test" tests="1" failures="0" timestamp="10 Jun 2016 10:26:17 GMT" time="583.452" errors="0">
  <testcase name="createNew_form" time="583.452" classname="com.org.Example.myproject.TC9878_Test"/>
</testsuite> <!-- com.org.Example.myproject.TC9878_Test -->
