<?xml version="1.0" encoding="UTF-8"?>
<!-- Generated by org.testng.reporters.JUnitReportReporter -->
<testsuite hostname="SDMMAC-F60.local" name="icix.Tests.TC10467_Test" tests="1" failures="0" timestamp="22 Aug 2017 12:00:13 GMT" time="273.668" errors="0">
  <testcase name="TPG_RelationshipType" time="273.668" classname="icix.Tests.TC10467_Test"/>
</testsuite> <!-- icix.Tests.TC10467_Test -->
