<?xml version="1.0" encoding="UTF-8"?>
<!-- Generated by org.testng.reporters.JUnitReportReporter -->
<testsuite hostname="SDMMAC-F60-2.local" name="com.org.Example.myproject.TC10781_Test" tests="2" failures="0" timestamp="20 Feb 2017 12:53:45 GMT" time="244.472" errors="0">
  <testcase name="CreateProductWithoutUniversalId" time="120.141" classname="com.org.Example.myproject.TC10781_Test"/>
  <testcase name="CreateProductWithoutUniversalId" time="124.331" classname="com.org.Example.myproject.TC10781_Test"/>
</testsuite> <!-- com.org.Example.myproject.TC10781_Test -->
