<?xml version="1.0" encoding="UTF-8"?>
<!-- Generated by org.testng.reporters.JUnitReportReporter -->
<testsuite hostname="DESKTOP-JBB3FTI" name="com.org.Example.myproject.TC9666_Test" tests="1" failures="0" timestamp="5 Jul 2016 09:45:54 GMT" time="153.058" errors="0">
  <testcase name="SetAndSendCompilince" time="153.058" classname="com.org.Example.myproject.TC9666_Test"/>
</testsuite> <!-- com.org.Example.myproject.TC9666_Test -->
