<?xml version="1.0" encoding="UTF-8"?>
<!-- Generated by org.testng.reporters.JUnitReportReporter -->
<testsuite hostname="SDMMAC-F60-2.local" name="com.org.Example.myproject.TC9665_Test" tests="1" failures="0" timestamp="4 Nov 2016 12:46:48 GMT" time="117.792" errors="0">
  <testcase name="test" time="117.792" classname="com.org.Example.myproject.TC9665_Test"/>
</testsuite> <!-- com.org.Example.myproject.TC9665_Test -->
