<?xml version="1.0" encoding="UTF-8"?>
<!-- Generated by org.testng.reporters.JUnitReportReporter -->
<testsuite hostname="DESKTOP-32AV7CG" name="com.org.Example.myproject.RunConsole" tests="1" failures="0" timestamp="14 Sep 2016 13:00:09 GMT" time="68.813" errors="0">
  <testcase name="Run_Command_In_Console" time="68.813" classname="com.org.Example.myproject.RunConsole"/>
</testsuite> <!-- com.org.Example.myproject.RunConsole -->
