<?xml version="1.0" encoding="UTF-8"?>
<!-- Generated by org.testng.reporters.JUnitReportReporter -->
<testsuite hostname="SDN-151" name="com.org.Example.myproject.TC9666_Test" tests="1" failures="0" timestamp="18 May 2016 07:14:27 GMT" time="404.075" errors="0">
  <testcase name="SetAndSendCompilince" time="404.075" classname="com.org.Example.myproject.TC9666_Test"/>
</testsuite> <!-- com.org.Example.myproject.TC9666_Test -->
