<?xml version="1.0" encoding="UTF-8"?>
<!-- Generated by org.testng.reporters.JUnitReportReporter -->
<testsuite hostname="DESKTOP-VNDJS5D" name="icix.Tests.TC10761_Test" tests="1" failures="0" timestamp="24 Jan 2017 12:01:57 GMT" time="186.250" errors="0">
  <testcase name="SendReqToPendingStatusTPG" time="186.250" classname="icix.Tests.TC10761_Test"/>
</testsuite> <!-- icix.Tests.TC10761_Test -->
