<?xml version="1.0" encoding="UTF-8"?>
<!-- Generated by org.testng.reporters.JUnitReportReporter -->
<testsuite hostname="SDN-151" name="com.org.Example.myproject.Edit_TPgroupTest" tests="1" failures="0" timestamp="22 Apr 2016 02:23:37 GMT" time="142.340" errors="0">
  <testcase name="test" time="142.340" classname="com.org.Example.myproject.Edit_TPgroupTest"/>
</testsuite> <!-- com.org.Example.myproject.Edit_TPgroupTest -->
