<?xml version="1.0" encoding="UTF-8"?>
<!-- Generated by org.testng.reporters.JUnitReportReporter -->
<testsuite hostname="DESKTOP-JBB3FTI" name="com.org.Example.myproject.TC9671_Test" tests="1" failures="0" timestamp="8 Jul 2016 12:05:54 GMT" time="211.861" errors="0">
  <testcase name="createNew_form" time="211.861" classname="com.org.Example.myproject.TC9671_Test"/>
</testsuite> <!-- com.org.Example.myproject.TC9671_Test -->
