<?xml version="1.0" encoding="UTF-8"?>
<!-- Generated by org.testng.reporters.JUnitReportReporter -->
<testsuite hostname="SDMMAC-F60-2.local" name="com.org.Example.myproject.TC9678_Test" tests="1" failures="0" timestamp="16 Nov 2016 12:40:07 GMT" time="105.106" errors="0">
  <testcase name="send_document" time="105.106" classname="com.org.Example.myproject.TC9678_Test"/>
</testsuite> <!-- com.org.Example.myproject.TC9678_Test -->
