<?xml version="1.0" encoding="UTF-8"?>
<!-- Generated by org.testng.reporters.JUnitReportReporter -->
<testsuite hostname="SDMMG-F29" name="com.org.Example.myproject.TC9830_Test" tests="1" failures="0" timestamp="16 Dec 2016 13:39:01 GMT" time="870.639" errors="0">
  <testcase name="BPF_Scenario05" time="870.639" classname="com.org.Example.myproject.TC9830_Test"/>
</testsuite> <!-- com.org.Example.myproject.TC9830_Test -->
