<?xml version="1.0" encoding="UTF-8"?>
<!-- Generated by org.testng.reporters.JUnitReportReporter -->
<testsuite hostname="DESKTOP-32AV7CG" name="com.org.Example.myproject.TC10462_Test" tests="1" failures="0" timestamp="19 Sep 2016 13:01:05 GMT" time="96.115" errors="0">
  <testcase name="TPG_Relationship_Type" time="96.115" classname="com.org.Example.myproject.TC10462_Test"/>
</testsuite> <!-- com.org.Example.myproject.TC10462_Test -->
