<?xml version="1.0" encoding="UTF-8"?>
<!-- Generated by org.testng.reporters.JUnitReportReporter -->
<testsuite hostname="DESKTOP-32AV7CG" name="com.org.Example.myproject.TC9666_Test" tests="1" failures="0" timestamp="20 Sep 2016 05:52:35 GMT" time="105.745" errors="0">
  <testcase name="SetAndSendCompilince" time="105.745" classname="com.org.Example.myproject.TC9666_Test"/>
</testsuite> <!-- com.org.Example.myproject.TC9666_Test -->
