<?xml version="1.0" encoding="UTF-8"?>
<!-- Generated by org.testng.reporters.JUnitReportReporter -->
<testsuite hostname="amitm-F81" name="com.org.Example.myproject.TC9918_Test" tests="1" failures="0" timestamp="31 May 2016 11:06:02 GMT" time="367.858" errors="0">
  <testcase name="createNew_form" time="367.858" classname="com.org.Example.myproject.TC9918_Test"/>
</testsuite> <!-- com.org.Example.myproject.TC9918_Test -->
