<?xml version="1.0" encoding="UTF-8"?>
<!-- Generated by org.testng.reporters.JUnitReportReporter -->
<testsuite hostname="SDN-151" name="com.org.Example.myproject.Edit_TPartnerTest" tests="1" failures="0" timestamp="20 Apr 2016 08:32:14 GMT" time="100.937" errors="0">
  <testcase name="Edit_TradingPartner" time="100.937" classname="com.org.Example.myproject.Edit_TPartnerTest"/>
</testsuite> <!-- com.org.Example.myproject.Edit_TPartnerTest -->
