<?xml version="1.0" encoding="UTF-8"?>
<!-- Generated by org.testng.reporters.JUnitReportReporter -->
<testsuite hostname="DESKTOP-JBB3FTI" name="com.org.Example.myproject.TC9875_Test" tests="1" failures="0" timestamp="11 Jul 2016 07:02:16 GMT" time="347.027" errors="0">
  <testcase name="createNew_form" time="347.027" classname="com.org.Example.myproject.TC9875_Test"/>
</testsuite> <!-- com.org.Example.myproject.TC9875_Test -->
