<?xml version="1.0" encoding="UTF-8"?>
<!-- Generated by org.testng.reporters.JUnitReportReporter -->
<testsuite hostname="SDN-151" name="com.org.Example.myproject.GFSI_formfilling" tests="1" failures="0" timestamp="13 May 2016 12:54:20 GMT" time="275.425" errors="0">
  <testcase name="Approve_Request" time="275.425" classname="com.org.Example.myproject.GFSI_formfilling"/>
</testsuite> <!-- com.org.Example.myproject.GFSI_formfilling -->
