<?xml version="1.0" encoding="UTF-8"?>
<!-- Generated by org.testng.reporters.JUnitReportReporter -->
<testsuite hostname="SDMMAC-F60-2.local" name="com.org.Example.myproject.TC9649_Test" tests="1" failures="0" timestamp="21 Nov 2016 06:01:44 GMT" time="94.353" errors="0">
  <testcase name="testSearchByIcixId" time="94.353" classname="com.org.Example.myproject.TC9649_Test"/>
</testsuite> <!-- com.org.Example.myproject.TC9649_Test -->
