<?xml version="1.0" encoding="UTF-8"?>
<!-- Generated by org.testng.reporters.JUnitReportReporter -->
<testsuite hostname="SDN-271" name="icix.Tests.TC9666_Test" tests="1" failures="0" timestamp="22 Aug 2017 07:33:17 GMT" time="562.565" errors="0">
  <testcase name="VerifySendRequirement" time="562.565" classname="icix.Tests.TC9666_Test"/>
</testsuite> <!-- icix.Tests.TC9666_Test -->
