<?xml version="1.0" encoding="UTF-8"?>
<!-- Generated by org.testng.reporters.JUnitReportReporter -->
<testsuite hostname="SDN-154" name="com.org.Example.myproject.TC9904_Test" tests="1" failures="0" timestamp="14 Jun 2016 10:13:57 GMT" time="528.996" errors="0">
  <testcase name="createNew_form" time="528.996" classname="com.org.Example.myproject.TC9904_Test"/>
</testsuite> <!-- com.org.Example.myproject.TC9904_Test -->
