<?xml version="1.0" encoding="UTF-8"?>
<!-- Generated by org.testng.reporters.JUnitReportReporter -->
<testsuite hostname="SDN-154" name="com.org.Example.myproject.TC9886_Test" tests="1" failures="0" timestamp="14 Jun 2016 10:42:02 GMT" time="767.965" errors="0">
  <testcase name="createNew_form" time="767.965" classname="com.org.Example.myproject.TC9886_Test"/>
</testsuite> <!-- com.org.Example.myproject.TC9886_Test -->
