<?xml version="1.0" encoding="UTF-8"?>
<!-- Generated by org.testng.reporters.JUnitReportReporter -->
<testsuite hostname="SDN-151" name="com.org.Example.myproject.TC9649_Test" tests="1" failures="0" timestamp="9 May 2016 09:37:54 GMT" time="74.544" errors="0">
  <testcase name="testSearchByIcixId" time="74.544" classname="com.org.Example.myproject.TC9649_Test"/>
</testsuite> <!-- com.org.Example.myproject.TC9649_Test -->
