<?xml version="1.0" encoding="UTF-8"?>
<!-- Generated by org.testng.reporters.JUnitReportReporter -->
<testsuite hostname="SDN-271" name="icix.Tests.TC9667_Test" tests="1" failures="0" timestamp="23 Aug 2017 14:17:17 GMT" time="78.838" errors="0">
  <testcase name="Productgroup" time="78.838" classname="icix.Tests.TC9667_Test"/>
</testsuite> <!-- icix.Tests.TC9667_Test -->
