<?xml version="1.0" encoding="UTF-8"?>
<!-- Generated by org.testng.reporters.JUnitReportReporter -->
<testsuite hostname="SDN-151" name="com.org.Example.myproject.TC9681_Test" tests="1" failures="0" timestamp="10 May 2016 05:08:35 GMT" time="480.419" errors="0">
  <testcase name="SubmitformBYresponder" time="480.419" classname="com.org.Example.myproject.TC9681_Test"/>
</testsuite> <!-- com.org.Example.myproject.TC9681_Test -->
