<?xml version="1.0" encoding="UTF-8"?>
<!-- Generated by org.testng.reporters.JUnitReportReporter -->
<testsuite hostname="SDMMAC-F60-2.local" name="com.org.Example.myproject.TC9675_Test" tests="1" failures="0" timestamp="21 Nov 2016 07:03:31 GMT" time="94.832" errors="0">
  <testcase name="uploadpublicdocument" time="94.832" classname="com.org.Example.myproject.TC9675_Test"/>
</testsuite> <!-- com.org.Example.myproject.TC9675_Test -->
