<?xml version="1.0" encoding="UTF-8"?>
<!-- Generated by org.testng.reporters.JUnitReportReporter -->
<testsuite hostname="SDN-209" name="icix.Tests.TC9659_Test" tests="1" failures="0" timestamp="12 Apr 2017 12:34:01 GMT" time="199.162" errors="0">
  <testcase name="CreateNewTagsICIXProdct" time="199.162" classname="icix.Tests.TC9659_Test"/>
</testsuite> <!-- icix.Tests.TC9659_Test -->
