<?xml version="1.0" encoding="UTF-8"?>
<!-- Generated by org.testng.reporters.JUnitReportReporter -->
<testsuite hostname="SDN-154" name="com.org.Example.myproject.TC9880_Test" tests="1" failures="0" timestamp="14 Jun 2016 09:53:35 GMT" time="349.782" errors="0">
  <testcase name="createNew_form" time="349.782" classname="com.org.Example.myproject.TC9880_Test"/>
</testsuite> <!-- com.org.Example.myproject.TC9880_Test -->
