<?xml version="1.0" encoding="UTF-8"?>
<!-- Generated by org.testng.reporters.JUnitReportReporter -->
<testsuite hostname="SDN-151" name="com.org.Example.myproject.TC9678_Test" tests="1" failures="0" timestamp="13 May 2016 14:07:51 GMT" time="183.781" errors="0">
  <testcase name="send_document" time="183.781" classname="com.org.Example.myproject.TC9678_Test"/>
</testsuite> <!-- com.org.Example.myproject.TC9678_Test -->
