<?xml version="1.0" encoding="UTF-8"?>
<!-- Generated by org.testng.reporters.JUnitReportReporter -->
<testsuite hostname="SDN-154" name="com.org.Example.myproject.TC9912_Test" tests="1" failures="0" timestamp="29 Jun 2016 12:19:00 GMT" time="568.430" errors="0">
  <testcase name="createNew_form" time="568.430" classname="com.org.Example.myproject.TC9912_Test"/>
</testsuite> <!-- com.org.Example.myproject.TC9912_Test -->
