<?xml version="1.0" encoding="UTF-8"?>
<!-- Generated by org.testng.reporters.JUnitReportReporter -->
<testsuite hostname="SDN-154" name="com.org.Example.myproject.TC9669_Test" tests="1" failures="0" timestamp="15 Jun 2016 10:08:44 GMT" time="194.682" errors="0">
  <testcase name="createNew_Question" time="194.682" classname="com.org.Example.myproject.TC9669_Test"/>
</testsuite> <!-- com.org.Example.myproject.TC9669_Test -->
