<?xml version="1.0" encoding="UTF-8"?>
<!-- Generated by org.testng.reporters.JUnitReportReporter -->
<testsuite hostname="SDN-151" name="com.org.Example.myproject.TC9658_Test" tests="1" failures="0" timestamp="5 May 2016 07:28:04 GMT" time="337.271" errors="0">
  <testcase name="searchingfor_conectTOproduct" time="337.271" classname="com.org.Example.myproject.TC9658_Test"/>
</testsuite> <!-- com.org.Example.myproject.TC9658_Test -->
