<?xml version="1.0" encoding="UTF-8"?>
<!-- Generated by org.testng.reporters.JUnitReportReporter -->
<testsuite hostname="DESKTOP-32AV7CG" name="com.org.Example.myproject.TC10469_Test" tests="1" failures="0" timestamp="19 Sep 2016 13:10:06 GMT" time="129.172" errors="0">
  <testcase name="Save_Multiple_Requirements" time="129.172" classname="com.org.Example.myproject.TC10469_Test"/>
</testsuite> <!-- com.org.Example.myproject.TC10469_Test -->
