<?xml version="1.0" encoding="UTF-8"?>
<!-- Generated by org.testng.reporters.JUnitReportReporter -->
<testsuite hostname="SDN-154" name="com.org.Example.myproject.TC9671_Test" tests="1" failures="0" timestamp="8 Jun 2016 12:24:52 GMT" time="243.851" errors="0">
  <testcase name="createNew_form" time="243.851" classname="com.org.Example.myproject.TC9671_Test"/>
</testsuite> <!-- com.org.Example.myproject.TC9671_Test -->
