<?xml version="1.0" encoding="UTF-8"?>
<!-- Generated by org.testng.reporters.JUnitReportReporter -->
<testsuite hostname="SDMMAC-F60-2.local" name="com.org.Example.myproject.TC9667_Test" tests="1" failures="0" timestamp="28 Nov 2016 10:24:53 GMT" time="110.156" errors="0">
  <testcase name="Productgroup" time="110.156" classname="com.org.Example.myproject.TC9667_Test"/>
</testsuite> <!-- com.org.Example.myproject.TC9667_Test -->
