<?xml version="1.0" encoding="UTF-8"?>
<!-- Generated by org.testng.reporters.JUnitReportReporter -->
<testsuite hostname="Rupeshs-MacBook-Pro-2.local" name="com.org.Example.myproject.TC9649_Test" tests="1" failures="0" timestamp="21 Sep 2016 08:03:16 GMT" time="68.096" errors="0">
  <testcase name="testSearchByIcixId" time="68.096" classname="com.org.Example.myproject.TC9649_Test"/>
</testsuite> <!-- com.org.Example.myproject.TC9649_Test -->
