<?xml version="1.0" encoding="UTF-8"?>
<!-- Generated by org.testng.reporters.JUnitReportReporter -->
<testsuite hostname="SDN-271" name="icix.Tests.TC10900A_Test" tests="1" failures="0" timestamp="9 Jan 2017 10:19:56 GMT" time="238.465" errors="0">
  <testcase name="createProduct" time="238.465" classname="icix.Tests.TC10900A_Test"/>
</testsuite> <!-- icix.Tests.TC10900A_Test -->
