<?xml version="1.0" encoding="UTF-8"?>
<!-- Generated by org.testng.reporters.JUnitReportReporter -->
<testsuite hostname="SDMMAC-F60-2.local" name="com.org.Example.myproject.TC9649_Test" tests="1" failures="0" timestamp="1 Nov 2016 10:57:32 GMT" time="90.896" errors="0">
  <testcase name="testSearchByIcixId" time="90.896" classname="com.org.Example.myproject.TC9649_Test"/>
</testsuite> <!-- com.org.Example.myproject.TC9649_Test -->
