<?xml version="1.0" encoding="UTF-8"?>
<!-- Generated by org.testng.reporters.JUnitReportReporter -->
<testsuite hostname="SDN-151" name="com.org.Example.myproject.TC9647_Test" tests="1" failures="0" timestamp="4 May 2016 03:28:50 GMT" time="80.148" errors="0">
  <testcase name="Auccount_verification" time="80.148" classname="com.org.Example.myproject.TC9647_Test"/>
</testsuite> <!-- com.org.Example.myproject.TC9647_Test -->
