<?xml version="1.0" encoding="UTF-8"?>
<!-- Generated by org.testng.reporters.JUnitReportReporter -->
<testsuite hostname="SDN-154" name="com.org.Example.myproject.TC9676_Test" tests="1" failures="0" timestamp="9 Jun 2016 12:20:37 GMT" time="89.382" errors="0">
  <testcase name="Private_document" time="89.382" classname="com.org.Example.myproject.TC9676_Test"/>
</testsuite> <!-- com.org.Example.myproject.TC9676_Test -->
