<?xml version="1.0" encoding="UTF-8"?>
<!-- Generated by org.testng.reporters.JUnitReportReporter -->
<testsuite hostname="SDN-209" name="icix.Tests.TC10461_Test" tests="1" failures="0" timestamp="14 Apr 2017 06:42:21 GMT" time="103.467" errors="0">
  <testcase name="VerifySendReqAtRespSide" time="103.467" classname="icix.Tests.TC10461_Test"/>
</testsuite> <!-- icix.Tests.TC10461_Test -->
