<?xml version="1.0" encoding="UTF-8"?>
<!-- Generated by org.testng.reporters.JUnitReportReporter -->
<testsuite hostname="SDN-151" name="com.org.Example.myproject.SetAndSendCompilinceTest" tests="1" failures="0" timestamp="20 Apr 2016 08:57:51 GMT" time="136.192" errors="0">
  <testcase name="SetAndSendCompilince" time="136.192" classname="com.org.Example.myproject.SetAndSendCompilinceTest"/>
</testsuite> <!-- com.org.Example.myproject.SetAndSendCompilinceTest -->
