<?xml version="1.0" encoding="UTF-8"?>
<!-- Generated by org.testng.reporters.JUnitReportReporter -->
<testsuite hostname="amitm-F81" name="com.org.Example.myproject.TC9940_Test" tests="1" failures="0" timestamp="1 Jun 2016 10:22:44 GMT" time="540.507" errors="0">
  <testcase name="createNew_form" time="540.507" classname="com.org.Example.myproject.TC9940_Test"/>
</testsuite> <!-- com.org.Example.myproject.TC9940_Test -->
