<?xml version="1.0" encoding="UTF-8"?>
<!-- Generated by org.testng.reporters.JUnitReportReporter -->
<testsuite hostname="SDN-151" name="com.org.Example.myproject.TC9673_Test" tests="1" failures="0" timestamp="18 May 2016 08:46:15 GMT" time="377.541" errors="0">
  <testcase name="productTwoactor_workflow" time="377.541" classname="com.org.Example.myproject.TC9673_Test"/>
</testsuite> <!-- com.org.Example.myproject.TC9673_Test -->
