<?xml version="1.0" encoding="UTF-8"?>
<!-- Generated by org.testng.reporters.JUnitReportReporter -->
<testsuite hostname="SDN-154" name="com.org.Example.myproject.TC9842_Test" tests="1" failures="0" timestamp="17 Jun 2016 04:55:54 GMT" time="786.083" errors="0">
  <testcase name="createNew_form" time="786.083" classname="com.org.Example.myproject.TC9842_Test"/>
</testsuite> <!-- com.org.Example.myproject.TC9842_Test -->
