<?xml version="1.0" encoding="UTF-8"?>
<!-- Generated by org.testng.reporters.JUnitReportReporter -->
<testsuite hostname="SDMMAC-F60-2.local" name="com.org.Example.myproject.TC10752_Test" tests="1" failures="0" timestamp="10 Nov 2016 10:28:16 GMT" time="784.219" errors="0">
  <testcase name="TPG_Tags" time="784.219" classname="com.org.Example.myproject.TC10752_Test"/>
</testsuite> <!-- com.org.Example.myproject.TC10752_Test -->
