<?xml version="1.0" encoding="UTF-8"?>
<!-- Generated by org.testng.reporters.JUnitReportReporter -->
<testsuite hostname="DESKTOP-JBB3FTI" name="com.org.Example.myproject.TC9676_Test" tests="1" failures="0" timestamp="8 Jul 2016 12:14:14 GMT" time="102.469" errors="0">
  <testcase name="Private_document" time="102.469" classname="com.org.Example.myproject.TC9676_Test"/>
</testsuite> <!-- com.org.Example.myproject.TC9676_Test -->
