<?xml version="1.0" encoding="UTF-8"?>
<!-- Generated by org.testng.reporters.JUnitReportReporter -->
<testsuite hostname="SDN-151" name="com.org.Example.myproject.TC9676_Test" tests="1" failures="0" timestamp="13 May 2016 13:49:31 GMT" time="131.351" errors="0">
  <testcase name="send_document" time="131.351" classname="com.org.Example.myproject.TC9676_Test"/>
</testsuite> <!-- com.org.Example.myproject.TC9676_Test -->
