<?xml version="1.0" encoding="UTF-8"?>
<!-- Generated by org.testng.reporters.JUnitReportReporter -->
<testsuite hostname="DESKTOP-JBB3FTI" name="com.org.Example.myproject.TC9881_Test" tests="1" failures="0" timestamp="11 Jul 2016 10:02:44 GMT" time="316.958" errors="0">
  <testcase name="createNew_form" time="316.958" classname="com.org.Example.myproject.TC9881_Test"/>
</testsuite> <!-- com.org.Example.myproject.TC9881_Test -->
