<?xml version="1.0" encoding="UTF-8"?>
<!-- Generated by org.testng.reporters.JUnitReportReporter -->
<testsuite hostname="SDN-271" name="icix.Tests.TC10799_Test" tests="1" failures="0" timestamp="29 Aug 2017 09:20:27 GMT" time="313.026" errors="0">
  <testcase name="AutoReqCreationAddTP" time="313.026" classname="icix.Tests.TC10799_Test"/>
</testsuite> <!-- icix.Tests.TC10799_Test -->
