<?xml version="1.0" encoding="UTF-8"?>
<!-- Generated by org.testng.reporters.JUnitReportReporter -->
<testsuite hostname="SDMMAC-F60-2.local" name="com.org.Example.myproject.TC9667_Test" tests="1" failures="0" timestamp="1 Nov 2016 11:42:08 GMT" time="131.564" errors="0">
  <testcase name="Productgroup" time="131.564" classname="com.org.Example.myproject.TC9667_Test"/>
</testsuite> <!-- com.org.Example.myproject.TC9667_Test -->
