<?xml version="1.0" encoding="UTF-8"?>
<!-- Generated by org.testng.reporters.JUnitReportReporter -->
<testsuite hostname="SDMMAC-F60-2.local" name="com.org.Example.myproject.TC9651_Test" tests="1" failures="0" timestamp="4 Nov 2016 11:31:46 GMT" time="78.605" errors="0">
  <testcase name="testSearchByIcixId" time="78.605" classname="com.org.Example.myproject.TC9651_Test"/>
</testsuite> <!-- com.org.Example.myproject.TC9651_Test -->
