<?xml version="1.0" encoding="UTF-8"?>
<!-- Generated by org.testng.reporters.JUnitReportReporter -->
<testsuite hostname="SDN-151" name="com.org.Example.myproject.TC9658_Test" tests="1" failures="0" timestamp="11 May 2016 12:42:06 GMT" time="321.718" errors="0">
  <testcase name="searchingfor_conectTOproduct" time="321.718" classname="com.org.Example.myproject.TC9658_Test"/>
</testsuite> <!-- com.org.Example.myproject.TC9658_Test -->
