<?xml version="1.0" encoding="UTF-8"?>
<!-- Generated by org.testng.reporters.JUnitReportReporter -->
<testsuite hostname="SDN-154" name="com.org.Example.myproject.TC9845_Test" tests="1" failures="0" timestamp="10 Jun 2016 08:44:24 GMT" time="328.462" errors="0">
  <testcase name="createNew_form" time="328.462" classname="com.org.Example.myproject.TC9845_Test"/>
</testsuite> <!-- com.org.Example.myproject.TC9845_Test -->
