<?xml version="1.0" encoding="UTF-8"?>
<!-- Generated by org.testng.reporters.JUnitReportReporter -->
<testsuite hostname="SDMMAC-F60-2.local" name="com.org.Example.myproject.TC9667_Test" tests="1" failures="0" timestamp="16 Nov 2016 12:12:40 GMT" time="113.174" errors="0">
  <testcase name="Productgroup" time="113.174" classname="com.org.Example.myproject.TC9667_Test"/>
</testsuite> <!-- com.org.Example.myproject.TC9667_Test -->
