<?xml version="1.0" encoding="UTF-8"?>
<!-- Generated by org.testng.reporters.JUnitReportReporter -->
<testsuite hostname="DESKTOP-JBB3FTI" name="com.org.Example.myproject.TC9670_Test" tests="1" failures="0" timestamp="8 Jul 2016 11:46:21 GMT" time="184.702" errors="0">
  <testcase name="createNew_form" time="184.702" classname="com.org.Example.myproject.TC9670_Test"/>
</testsuite> <!-- com.org.Example.myproject.TC9670_Test -->
