<?xml version="1.0" encoding="UTF-8"?>
<!-- Generated by org.testng.reporters.JUnitReportReporter -->
<testsuite hostname="SDN-151" name="com.org.Example.myproject.AccountsconnectandsearchTest" tests="1" failures="0" timestamp="12 Apr 2016 09:10:01 GMT" time="105.463" errors="0">
  <testcase name="f" time="105.463" classname="com.org.Example.myproject.AccountsconnectandsearchTest"/>
</testsuite> <!-- com.org.Example.myproject.AccountsconnectandsearchTest -->
