<?xml version="1.0" encoding="UTF-8"?>
<!-- Generated by org.testng.reporters.JUnitReportReporter -->
<testsuite hostname="SDN-154" name="com.org.Example.myproject.TC9875_Test" tests="1" failures="0" timestamp="10 Jun 2016 09:58:48 GMT" time="362.697" errors="0">
  <testcase name="createNew_form" time="362.697" classname="com.org.Example.myproject.TC9875_Test"/>
</testsuite> <!-- com.org.Example.myproject.TC9875_Test -->
