<?xml version="1.0" encoding="UTF-8"?>
<!-- Generated by org.testng.reporters.JUnitReportReporter -->
<testsuite hostname="SDMMAC-F60-2.local" name="com.org.Example.myproject.TC9649_Test" tests="1" failures="0" timestamp="4 Nov 2016 11:17:13 GMT" time="69.989" errors="0">
  <testcase name="testSearchByIcixId" time="69.989" classname="com.org.Example.myproject.TC9649_Test"/>
</testsuite> <!-- com.org.Example.myproject.TC9649_Test -->
