<?xml version="1.0" encoding="UTF-8"?>
<!-- Generated by org.testng.reporters.JUnitReportReporter -->
<testsuite hostname="SDN-271" name="icix.Tests.TC9885_Test" tests="1" failures="0" timestamp="7 Feb 2017 03:47:54 GMT" time="526.493" errors="0">
  <testcase name="CF_Scenario16" time="526.493" classname="icix.Tests.TC9885_Test"/>
</testsuite> <!-- icix.Tests.TC9885_Test -->
