<?xml version="1.0" encoding="UTF-8"?>
<!-- Generated by org.testng.reporters.JUnitReportReporter -->
<testsuite hostname="SDMMAC-F60-2.local" name="com.org.Example.myproject.TC9672_Test" tests="1" failures="0" timestamp="14 Oct 2016 10:48:23 GMT" time="446.245" errors="0">
  <testcase name="TwoActorWorkFlow" time="446.245" classname="com.org.Example.myproject.TC9672_Test"/>
</testsuite> <!-- com.org.Example.myproject.TC9672_Test -->
