<?xml version="1.0" encoding="UTF-8"?>
<!-- Generated by org.testng.reporters.JUnitReportReporter -->
<testsuite hostname="SDN-154" name="com.org.Example.myproject.TC9903_Test" tests="1" failures="0" timestamp="13 Jun 2016 05:20:28 GMT" time="166.432" errors="0">
  <testcase name="createNew_form" time="166.432" classname="com.org.Example.myproject.TC9903_Test"/>
</testsuite> <!-- com.org.Example.myproject.TC9903_Test -->
