<?xml version="1.0" encoding="UTF-8"?>
<!-- Generated by org.testng.reporters.JUnitReportReporter -->
<testsuite hostname="DESKTOP-JBB3FTI" name="com.org.Example.myproject.TC9648_Test" tests="1" failures="0" timestamp="6 Jul 2016 09:58:44 GMT" time="96.337" errors="0">
  <testcase name="testSearchByIcixId" time="96.337" classname="com.org.Example.myproject.TC9648_Test"/>
</testsuite> <!-- com.org.Example.myproject.TC9648_Test -->
