<?xml version="1.0" encoding="UTF-8"?>
<!-- Generated by org.testng.reporters.JUnitReportReporter -->
<testsuite hostname="SDN-209" name="icix.Tests.TC10460_Test" tests="1" failures="0" timestamp="14 Apr 2017 06:39:35 GMT" time="131.920" errors="0">
  <testcase name="TPG_Tags" time="131.920" classname="icix.Tests.TC10460_Test"/>
</testsuite> <!-- icix.Tests.TC10460_Test -->
