<?xml version="1.0" encoding="UTF-8"?>
<!-- Generated by org.testng.reporters.JUnitReportReporter -->
<testsuite hostname="SDMMG-F29" name="com.org.Example.myproject.TC9842_Test" tests="1" failures="0" timestamp="16 Dec 2016 13:55:24 GMT" time="0.003" errors="1">
  <testcase name="BPF_Scenario20" time="0.003" classname="com.org.Example.myproject.TC9842_Test">
    <error type="java.lang.Error" message="Unresolved compilation problem: 
	The method createNewForm() in the type Data_loading is not applicable for the arguments (boolean, int, int, boolean, int, int, int, int, String[], String, String, String[][], String, String, String)
">
      <![CDATA[java.lang.Error: Unresolved compilation problem: 
	The method createNewForm() in the type Data_loading is not applicable for the arguments (boolean, int, int, boolean, int, int, int, int, String[], String, String, String[][], String, String, String)

	at com.org.Example.myproject.TC9842_Test.BPF_Scenario20(TC9842_Test.java:62)
	at sun.reflect.NativeMethodAccessorImpl.invoke0(Native Method)
	at sun.reflect.NativeMethodAccessorImpl.invoke(Unknown Source)
	at sun.reflect.DelegatingMethodAccessorImpl.invoke(Unknown Source)
	at java.lang.reflect.Method.invoke(Unknown Source)
	at org.testng.internal.MethodInvocationHelper.invokeMethod(MethodInvocationHelper.java:86)
	at org.testng.internal.Invoker.invokeMethod(Invoker.java:643)
	at org.testng.internal.Invoker.invokeTestMethod(Invoker.java:820)
	at org.testng.internal.Invoker.invokeTestMethods(Invoker.java:1128)
	at org.testng.internal.TestMethodWorker.invokeTestMethods(TestMethodWorker.java:129)
	at org.testng.internal.TestMethodWorker.run(TestMethodWorker.java:112)
	at java.util.concurrent.ThreadPoolExecutor.runWorker(Unknown Source)
	at java.util.concurrent.ThreadPoolExecutor$Worker.run(Unknown Source)
	at java.lang.Thread.run(Unknown Source)
]]>
    </error>
  </testcase> <!-- BPF_Scenario20 -->
</testsuite> <!-- com.org.Example.myproject.TC9842_Test -->
