<?xml version="1.0" encoding="UTF-8"?>
<!-- Generated by org.testng.reporters.JUnitReportReporter -->
<testsuite hostname="SDMMAC-F60-2.local" name="com.org.Example.myproject.TC9733_Test" tests="1" failures="0" timestamp="9 Nov 2016 09:24:22 GMT" time="1354.005" errors="0">
  <testcase name="Approve_Request" time="1354.005" classname="com.org.Example.myproject.TC9733_Test"/>
</testsuite> <!-- com.org.Example.myproject.TC9733_Test -->
