<?xml version="1.0" encoding="UTF-8"?>
<!-- Generated by org.testng.reporters.JUnitReportReporter -->
<testsuite hostname="SDN-151" name="com.org.Example.myproject.Tp_createrequestTest" tests="1" failures="0" timestamp="21 Apr 2016 03:38:58 GMT" time="159.800" errors="0">
  <testcase name="testTp" time="159.800" classname="com.org.Example.myproject.Tp_createrequestTest"/>
</testsuite> <!-- com.org.Example.myproject.Tp_createrequestTest -->
