<?xml version="1.0" encoding="UTF-8"?>
<!-- Generated by org.testng.reporters.JUnitReportReporter -->
<testsuite hostname="SDN-154" name="com.org.Example.myproject.TC9677_Test" tests="1" failures="0" timestamp="15 Jun 2016 10:56:35 GMT" time="126.265" errors="0">
  <testcase name="send_document" time="126.265" classname="com.org.Example.myproject.TC9677_Test"/>
</testsuite> <!-- com.org.Example.myproject.TC9677_Test -->
