<?xml version="1.0" encoding="UTF-8"?>
<!-- Generated by org.testng.reporters.JUnitReportReporter -->
<testsuite hostname="SDMMAC-F60-2.local" name="com.org.Example.myproject.TC9659_Test" tests="1" failures="0" timestamp="21 Nov 2016 06:46:49 GMT" time="121.232" errors="0">
  <testcase name="Tagstest" time="121.232" classname="com.org.Example.myproject.TC9659_Test"/>
</testsuite> <!-- com.org.Example.myproject.TC9659_Test -->
