<?xml version="1.0" encoding="UTF-8"?>
<!-- Generated by org.testng.reporters.JUnitReportReporter -->
<testsuite hostname="SDN-154" name="com.org.Example.myproject.TC9871_Test" tests="1" failures="0" timestamp="10 Jun 2016 09:29:30 GMT" time="142.096" errors="0">
  <testcase name="createNew_form" time="142.096" classname="com.org.Example.myproject.TC9871_Test"/>
</testsuite> <!-- com.org.Example.myproject.TC9871_Test -->
