<?xml version="1.0" encoding="UTF-8"?>
<!-- Generated by org.testng.reporters.JUnitReportReporter -->
<testsuite hostname="SDN-151" name="com.org.Example.myproject.CreatenewquestionTest" tests="1" failures="0" timestamp="22 Apr 2016 04:37:11 GMT" time="188.281" errors="0">
  <testcase name="createNew_Question" time="188.281" classname="com.org.Example.myproject.CreatenewquestionTest"/>
</testsuite> <!-- com.org.Example.myproject.CreatenewquestionTest -->
