<?xml version="1.0" encoding="UTF-8"?>
<!-- Generated by org.testng.reporters.JUnitReportReporter -->
<testsuite hostname="SDMMAC-F60-2.local" name="com.org.Example.myproject.TC9651_Test" tests="1" failures="0" timestamp="10 Nov 2016 07:51:21 GMT" time="72.507" errors="0">
  <testcase name="testSearchByIcixId" time="72.507" classname="com.org.Example.myproject.TC9651_Test"/>
</testsuite> <!-- com.org.Example.myproject.TC9651_Test -->
