<?xml version="1.0" encoding="UTF-8"?>
<!-- Generated by org.testng.reporters.JUnitReportReporter -->
<testsuite hostname="SDN-151" name="com.org.Example.myproject.CreateNew_TagTest" tests="1" failures="0" timestamp="21 Apr 2016 02:58:25 GMT" time="93.673" errors="0">
  <testcase name="Tagstest" time="93.673" classname="com.org.Example.myproject.CreateNew_TagTest"/>
</testsuite> <!-- com.org.Example.myproject.CreateNew_TagTest -->
