<?xml version="1.0" encoding="UTF-8"?>
<!-- Generated by org.testng.reporters.JUnitReportReporter -->
<testsuite hostname="SDN-154" name="com.org.Example.myproject.TC9658_Test" tests="1" failures="0" timestamp="13 Jun 2016 13:52:30 GMT" time="178.893" errors="0">
  <testcase name="searchingfor_conectTOproduct" time="178.893" classname="com.org.Example.myproject.TC9658_Test"/>
</testsuite> <!-- com.org.Example.myproject.TC9658_Test -->
