<?xml version="1.0" encoding="UTF-8"?>
<!-- Generated by org.testng.reporters.JUnitReportReporter -->
<testsuite hostname="SDN-151" name="com.org.Example.myproject.TC9653_Test" tests="1" failures="0" timestamp="11 May 2016 05:51:11 GMT" time="94.923" errors="0">
  <testcase name="Auccount_verification" time="94.923" classname="com.org.Example.myproject.TC9653_Test"/>
</testsuite> <!-- com.org.Example.myproject.TC9653_Test -->
