<?xml version="1.0" encoding="UTF-8"?>
<!-- Generated by org.testng.reporters.JUnitReportReporter -->
<testsuite hostname="SDN-154" name="com.org.Example.myproject.TC9832_Test" tests="1" failures="0" timestamp="9 Jun 2016 12:00:49 GMT" time="329.362" errors="0">
  <testcase name="createNew_form" time="329.362" classname="com.org.Example.myproject.TC9832_Test"/>
</testsuite> <!-- com.org.Example.myproject.TC9832_Test -->
