<?xml version="1.0" encoding="UTF-8"?>
<!-- Generated by org.testng.reporters.JUnitReportReporter -->
<testsuite hostname="Laptop-2" name="com.org.Example.myproject.TC9669_Test" tests="1" failures="0" timestamp="26 May 2016 04:18:22 GMT" time="230.740" errors="0">
  <testcase name="createNew_Question" time="230.740" classname="com.org.Example.myproject.TC9669_Test"/>
</testsuite> <!-- com.org.Example.myproject.TC9669_Test -->
