<?xml version="1.0" encoding="UTF-8"?>
<!-- Generated by org.testng.reporters.JUnitReportReporter -->
<testsuite hostname="SDN-154" name="com.org.Example.myproject.TC9649_Test" tests="1" failures="0" timestamp="15 Jun 2016 05:40:33 GMT" time="89.408" errors="0">
  <testcase name="testSearchByIcixId" time="89.408" classname="com.org.Example.myproject.TC9649_Test"/>
</testsuite> <!-- com.org.Example.myproject.TC9649_Test -->
