<?xml version="1.0" encoding="UTF-8"?>
<!-- Generated by org.testng.reporters.JUnitReportReporter -->
<testsuite hostname="SDMMAC-F60-2.local" name="com.org.Example.myproject.TC9665_Test" tests="1" failures="0" timestamp="27 Oct 2016 11:46:18 GMT" time="125.172" errors="0">
  <testcase name="test" time="125.172" classname="com.org.Example.myproject.TC9665_Test"/>
</testsuite> <!-- com.org.Example.myproject.TC9665_Test -->
