<?xml version="1.0" encoding="UTF-8"?>
<!-- Generated by org.testng.reporters.JUnitReportReporter -->
<testsuite hostname="SDMMAC-F60-2.local" name="com.org.Example.myproject.TC10759_Test" tests="1" failures="0" timestamp="4 Oct 2016 11:18:55 GMT" time="147.530" errors="0">
  <testcase name="SendRequestToActiveTPStatus" time="147.530" classname="com.org.Example.myproject.TC10759_Test"/>
</testsuite> <!-- com.org.Example.myproject.TC10759_Test -->
