<?xml version="1.0" encoding="UTF-8"?>
<!-- Generated by org.testng.reporters.JUnitReportReporter -->
<testsuite hostname="SDMMAC-F60-2.local" name="com.org.Example.myproject.TC9647_Test" tests="1" failures="0" timestamp="21 Nov 2016 05:58:21 GMT" time="78.629" errors="0">
  <testcase name="Account_verification" time="78.629" classname="com.org.Example.myproject.TC9647_Test"/>
</testsuite> <!-- com.org.Example.myproject.TC9647_Test -->
