<?xml version="1.0" encoding="UTF-8"?>
<!-- Generated by org.testng.reporters.JUnitReportReporter -->
<testsuite hostname="SDMMAC-F60-2.local" name="com.org.Example.myproject.TC10781_Test" tests="1" failures="0" timestamp="28 Nov 2016 10:48:46 GMT" time="98.776" errors="0">
  <testcase name="CreateProductWithoutUniversalId" time="98.776" classname="com.org.Example.myproject.TC10781_Test"/>
</testsuite> <!-- com.org.Example.myproject.TC10781_Test -->
