<?xml version="1.0" encoding="UTF-8"?>
<!-- Generated by org.testng.reporters.JUnitReportReporter -->
<testsuite hostname="Laptop-2" name="com.org.Example.myproject.TC9827_Test" tests="1" failures="0" timestamp="24 May 2016 07:51:46 GMT" time="883.964" errors="0">
  <testcase name="createNew_form" time="883.964" classname="com.org.Example.myproject.TC9827_Test"/>
</testsuite> <!-- com.org.Example.myproject.TC9827_Test -->
