<?xml version="1.0" encoding="UTF-8"?>
<!-- Generated by org.testng.reporters.JUnitReportReporter -->
<testsuite hostname="SDMMAC-F60-2.local" name="com.org.Example.myproject.TC9663_Test" tests="1" failures="0" timestamp="27 Oct 2016 11:51:35 GMT" time="141.885" errors="0">
  <testcase name="Edit_TradingPartner" time="141.885" classname="com.org.Example.myproject.TC9663_Test"/>
</testsuite> <!-- com.org.Example.myproject.TC9663_Test -->
