<?xml version="1.0" encoding="UTF-8"?>
<!-- Generated by org.testng.reporters.JUnitReportReporter -->
<testsuite hostname="SDMMG-F29" name="com.org.Example.myproject.TC9909_Test" tests="1" failures="0" timestamp="20 Dec 2016 05:17:56 GMT" time="542.462" errors="0">
  <testcase name="BPF_Scenario29" time="542.462" classname="com.org.Example.myproject.TC9909_Test"/>
</testsuite> <!-- com.org.Example.myproject.TC9909_Test -->
