<?xml version="1.0" encoding="UTF-8"?>
<!-- Generated by org.testng.reporters.JUnitReportReporter -->
<testsuite hostname="SDMMAC-F60-2.local" name="com.org.Example.myproject.TC10758_Test" tests="1" failures="0" timestamp="4 Oct 2016 10:59:31 GMT" time="83.655" errors="0">
  <testcase name="No_Duplicate_Requirements" time="83.655" classname="com.org.Example.myproject.TC10758_Test"/>
</testsuite> <!-- com.org.Example.myproject.TC10758_Test -->
