<?xml version="1.0" encoding="UTF-8"?>
<!-- Generated by org.testng.reporters.JUnitReportReporter -->
<testsuite hostname="DESKTOP-32AV7CG" name="com.org.Example.myproject.TC10863_Test" tests="1" failures="0" timestamp="9 Dec 2016 06:30:21 GMT" time="512.890" errors="0">
  <testcase name="VerifySendReqAtRespSide" time="512.890" classname="com.org.Example.myproject.TC10863_Test"/>
</testsuite> <!-- com.org.Example.myproject.TC10863_Test -->
