<?xml version="1.0" encoding="UTF-8"?>
<!-- Generated by org.testng.reporters.JUnitReportReporter -->
<testsuite hostname="DESKTOP-32AV7CG" name="com.org.Example.myproject.TC9919_Test" tests="1" failures="0" timestamp="2 Dec 2016 07:38:10 GMT" time="323.726" errors="0">
  <testcase name="BPF_Scenario38" time="323.726" classname="com.org.Example.myproject.TC9919_Test"/>
</testsuite> <!-- com.org.Example.myproject.TC9919_Test -->
