<?xml version="1.0" encoding="UTF-8"?>
<!-- Generated by org.testng.reporters.JUnitReportReporter -->
<testsuite hostname="Mr-Singh" name="icix.Tests.DemoTest" tests="1" failures="0" timestamp="10 Aug 2017 16:01:17 GMT" time="0.049" errors="0">
  <testcase name="f" time="0.049" classname="icix.Tests.DemoTest"/>
</testsuite> <!-- icix.Tests.DemoTest -->
