<?xml version="1.0" encoding="UTF-8"?>
<!-- Generated by org.testng.reporters.JUnitReportReporter -->
<testsuite hostname="SDN-154" name="com.org.Example.myproject.TC9828_Test" tests="1" failures="0" timestamp="16 Jun 2016 10:10:40 GMT" time="1040.996" errors="0">
  <testcase name="createNew_form" time="1040.996" classname="com.org.Example.myproject.TC9828_Test"/>
</testsuite> <!-- com.org.Example.myproject.TC9828_Test -->
