<?xml version="1.0" encoding="UTF-8"?>
<!-- Generated by org.testng.reporters.JUnitReportReporter -->
<testsuite hostname="DESKTOP-32AV7CG" name="com.org.Example.myproject.TC9659_Test" tests="1" failures="0" timestamp="20 Sep 2016 05:57:16 GMT" time="79.416" errors="0">
  <testcase name="Tagstest" time="79.416" classname="com.org.Example.myproject.TC9659_Test"/>
</testsuite> <!-- com.org.Example.myproject.TC9659_Test -->
