<?xml version="1.0" encoding="UTF-8"?>
<!-- Generated by org.testng.reporters.JUnitReportReporter -->
<testsuite hostname="SDN-154" name="com.org.Example.myproject.TC9670_Test" tests="1" failures="0" timestamp="14 Jun 2016 05:40:44 GMT" time="258.027" errors="0">
  <testcase name="createNew_form" time="258.027" classname="com.org.Example.myproject.TC9670_Test"/>
</testsuite> <!-- com.org.Example.myproject.TC9670_Test -->
