<?xml version="1.0" encoding="UTF-8"?>
<!-- Generated by org.testng.reporters.JUnitReportReporter -->
<testsuite hostname="SDN-151" name="com.org.Example.myproject.Tp_createrequestTest" tests="1" failures="0" timestamp="22 Apr 2016 02:35:03 GMT" time="130.086" errors="0">
  <testcase name="testTp" time="130.086" classname="com.org.Example.myproject.Tp_createrequestTest"/>
</testsuite> <!-- com.org.Example.myproject.Tp_createrequestTest -->
