<?xml version="1.0" encoding="UTF-8"?>
<!-- Generated by org.testng.reporters.JUnitReportReporter -->
<testsuite hostname="SDN-154" name="com.org.Example.myproject.TC9678_Test" tests="1" failures="0" timestamp="15 Jun 2016 11:02:13 GMT" time="69.926" errors="0">
  <testcase name="send_document" time="69.926" classname="com.org.Example.myproject.TC9678_Test"/>
</testsuite> <!-- com.org.Example.myproject.TC9678_Test -->
