<?xml version="1.0" encoding="UTF-8"?>
<!-- Generated by org.testng.reporters.JUnitReportReporter -->
<testsuite hostname="Laptop-2" name="com.org.Example.myproject.TC9661_Test" tests="1" failures="0" timestamp="20 May 2016 08:56:08 GMT" time="313.921" errors="0">
  <testcase name="publicProduct" time="313.921" classname="com.org.Example.myproject.TC9661_Test"/>
</testsuite> <!-- com.org.Example.myproject.TC9661_Test -->
