<?xml version="1.0" encoding="UTF-8"?>
<!-- Generated by org.testng.reporters.JUnitReportReporter -->
<testsuite hostname="SDMMG-F29" name="com.org.Example.myproject.TC9912_Test" tests="1" failures="0" timestamp="20 Dec 2016 05:17:56 GMT" time="394.711" errors="0">
  <testcase name="BPF_Scenario32" time="394.711" classname="com.org.Example.myproject.TC9912_Test"/>
</testsuite> <!-- com.org.Example.myproject.TC9912_Test -->
