<?xml version="1.0" encoding="UTF-8"?>
<!-- Generated by org.testng.reporters.JUnitReportReporter -->
<testsuite hostname="Laptop-2" name="com.org.Example.myproject.TC9654_Test" tests="1" failures="0" timestamp="24 May 2016 06:27:19 GMT" time="289.333" errors="0">
  <testcase name="publicProduct" time="289.333" classname="com.org.Example.myproject.TC9654_Test"/>
</testsuite> <!-- com.org.Example.myproject.TC9654_Test -->
