<?xml version="1.0" encoding="UTF-8"?>
<!-- Generated by org.testng.reporters.JUnitReportReporter -->
<testsuite hostname="SDMQA--B51" name="icix.Tests.TC9668_Test" tests="1" failures="0" timestamp="9 Feb 2017 12:31:22 GMT" time="189.519" errors="0">
  <testcase name="TPG_Tags" time="189.519" classname="icix.Tests.TC9668_Test"/>
</testsuite> <!-- icix.Tests.TC9668_Test -->
