<?xml version="1.0" encoding="UTF-8"?>
<!-- Generated by org.testng.reporters.JUnitReportReporter -->
<testsuite hostname="SDMMAC-F60-2.local" name="com.org.Example.myproject.TC9647_Test" tests="1" failures="0" timestamp="19 Oct 2016 13:15:32 GMT" time="54.935" errors="0">
  <testcase name="Account_verification" time="54.935" classname="com.org.Example.myproject.TC9647_Test"/>
</testsuite> <!-- com.org.Example.myproject.TC9647_Test -->
