<?xml version="1.0" encoding="UTF-8"?>
<!-- Generated by org.testng.reporters.JUnitReportReporter -->
<testsuite hostname="SDN-154" name="com.org.Example.myproject.TC9833_Test" tests="1" failures="0" timestamp="14 Jun 2016 07:22:56 GMT" time="1122.729" errors="0">
  <testcase name="createNew_form" time="1122.729" classname="com.org.Example.myproject.TC9833_Test"/>
</testsuite> <!-- com.org.Example.myproject.TC9833_Test -->
