<?xml version="1.0" encoding="UTF-8"?>
<!-- Generated by org.testng.reporters.JUnitReportReporter -->
<testsuite hostname="SDN-209" name="icix.Tests.TC9653_Test" tests="1" failures="0" timestamp="12 Apr 2017 10:58:09 GMT" time="68.402" errors="0">
  <testcase name="Account_verification" time="68.402" classname="icix.Tests.TC9653_Test"/>
</testsuite> <!-- icix.Tests.TC9653_Test -->
