<?xml version="1.0" encoding="UTF-8"?>
<!-- Generated by org.testng.reporters.JUnitReportReporter -->
<testsuite hostname="SDN-154" name="com.org.Example.myproject.TC9881_Test" tests="1" failures="0" timestamp="16 Jun 2016 08:40:29 GMT" time="325.396" errors="0">
  <testcase name="createNew_form" time="325.396" classname="com.org.Example.myproject.TC9881_Test"/>
</testsuite> <!-- com.org.Example.myproject.TC9881_Test -->
