<?xml version="1.0" encoding="UTF-8"?>
<!-- Generated by org.testng.reporters.JUnitReportReporter -->
<testsuite hostname="SDN-154" name="com.org.Example.myproject.TC9667_Test" tests="1" failures="0" timestamp="15 Jul 2016 11:37:34 GMT" time="122.875" errors="0">
  <testcase name="Productgroup" time="122.875" classname="com.org.Example.myproject.TC9667_Test"/>
</testsuite> <!-- com.org.Example.myproject.TC9667_Test -->
