<?xml version="1.0" encoding="UTF-8"?>
<!-- Generated by org.testng.reporters.JUnitReportReporter -->
<testsuite hostname="SDMMAC-F60-2.local" name="com.org.Example.myproject.TC9648_Test" tests="1" failures="0" timestamp="13 Oct 2016 09:34:04 GMT" time="103.017" errors="0">
  <testcase name="SearchByCompanyName" time="103.017" classname="com.org.Example.myproject.TC9648_Test"/>
</testsuite> <!-- com.org.Example.myproject.TC9648_Test -->
