<?xml version="1.0" encoding="UTF-8"?>
<!-- Generated by org.testng.reporters.JUnitReportReporter -->
<testsuite hostname="SDMMG-F29" name="com.org.Example.myproject.TC9913_Test" tests="1" failures="0" timestamp="20 Dec 2016 05:34:57 GMT" time="247.153" errors="0">
  <testcase name="CF_Form26" time="247.153" classname="com.org.Example.myproject.TC9913_Test"/>
</testsuite> <!-- com.org.Example.myproject.TC9913_Test -->
