<?xml version="1.0" encoding="UTF-8"?>
<!-- Generated by org.testng.reporters.JUnitReportReporter -->
<testsuite hostname="SDN-151" name="com.org.Example.myproject.Tp_groupTest" tests="1" failures="0" timestamp="20 Apr 2016 09:06:45 GMT" time="142.376" errors="0">
  <testcase name="test" time="142.376" classname="com.org.Example.myproject.Tp_groupTest"/>
</testsuite> <!-- com.org.Example.myproject.Tp_groupTest -->
