<?xml version="1.0" encoding="UTF-8"?>
<!-- Generated by org.testng.reporters.JUnitReportReporter -->
<testsuite hostname="SDMQA--B51" name="icix.Tests.TC9665_Test" tests="1" failures="0" timestamp="9 Feb 2017 13:47:41 GMT" time="150.011" errors="0">
  <testcase name="TPG_Tags" time="150.011" classname="icix.Tests.TC9665_Test"/>
</testsuite> <!-- icix.Tests.TC9665_Test -->
