<?xml version="1.0" encoding="UTF-8"?>
<!-- Generated by org.testng.reporters.JUnitReportReporter -->
<testsuite hostname="SDMMAC-F60-2.local" name="com.org.Example.myproject.TC9733_Test" tests="1" failures="0" timestamp="19 Sep 2016 08:12:29 GMT" time="357.624" errors="0">
  <testcase name="Approve_Request" time="357.624" classname="com.org.Example.myproject.TC9733_Test"/>
</testsuite> <!-- com.org.Example.myproject.TC9733_Test -->
