<?xml version="1.0" encoding="UTF-8"?>
<!-- Generated by org.testng.reporters.JUnitReportReporter -->
<testsuite hostname="SDMMAC-F60-2.local" name="icix.Tests.TC10781_Test" tests="1" failures="0" timestamp="2 Mar 2017 15:59:04 GMT" time="88.117" errors="0">
  <testcase name="TestProductSearchWithoutUID" time="88.117" classname="icix.Tests.TC10781_Test"/>
</testsuite> <!-- icix.Tests.TC10781_Test -->
