<?xml version="1.0" encoding="UTF-8"?>
<!-- Generated by org.testng.reporters.JUnitReportReporter -->
<testsuite hostname="Laptop-2" name="com.org.Example.myproject.TC9677_Test" tests="1" failures="0" timestamp="26 May 2016 04:29:53 GMT" time="95.434" errors="0">
  <testcase name="send_document" time="95.434" classname="com.org.Example.myproject.TC9677_Test"/>
</testsuite> <!-- com.org.Example.myproject.TC9677_Test -->
