<?xml version="1.0" encoding="UTF-8"?>
<!-- Generated by org.testng.reporters.JUnitReportReporter -->
<testsuite hostname="SDN-154" name="com.org.Example.myproject.TC9650_Test" tests="1" failures="0" timestamp="15 Jun 2016 05:43:24 GMT" time="90.728" errors="0">
  <testcase name="testSearchByIcixId" time="90.728" classname="com.org.Example.myproject.TC9650_Test"/>
</testsuite> <!-- com.org.Example.myproject.TC9650_Test -->
