<?xml version="1.0" encoding="UTF-8"?>
<!-- Generated by org.testng.reporters.JUnitReportReporter -->
<testsuite hostname="Laptop-2" name="com.org.Example.myproject.TC9826_Test" tests="1" failures="0" timestamp="26 May 2016 16:27:44 GMT" time="292.516" errors="0">
  <testcase name="createNew_form" time="292.516" classname="com.org.Example.myproject.TC9826_Test"/>
</testsuite> <!-- com.org.Example.myproject.TC9826_Test -->
