<?xml version="1.0" encoding="UTF-8"?>
<!-- Generated by org.testng.reporters.JUnitReportReporter -->
<testsuite hostname="SDN-151" name="com.org.Example.myproject.TC9674_Test" tests="1" failures="0" timestamp="13 May 2016 14:32:36 GMT" time="256.064" errors="0">
  <testcase name="RecallWorkFlow" time="256.064" classname="com.org.Example.myproject.TC9674_Test"/>
</testsuite> <!-- com.org.Example.myproject.TC9674_Test -->
