<?xml version="1.0" encoding="UTF-8"?>
<!-- Generated by org.testng.reporters.JUnitReportReporter -->
<testsuite hostname="SDMMAC-F60-2.local" name="com.org.Example.myproject.TC9733_Test" tests="1" failures="0" timestamp="17 Oct 2016 11:23:32 GMT" time="775.088" errors="0">
  <testcase name="Approve_Request" time="775.088" classname="com.org.Example.myproject.TC9733_Test"/>
</testsuite> <!-- com.org.Example.myproject.TC9733_Test -->
