<?xml version="1.0" encoding="UTF-8"?>
<!-- Generated by org.testng.reporters.JUnitReportReporter -->
<testsuite hostname="DESKTOP-32AV7CG" name="com.org.Example.myproject.TC9667_Test" tests="1" failures="0" timestamp="20 Sep 2016 05:47:25 GMT" time="64.172" errors="0">
  <testcase name="Productgroup" time="64.172" classname="com.org.Example.myproject.TC9667_Test"/>
</testsuite> <!-- com.org.Example.myproject.TC9667_Test -->
