<?xml version="1.0" encoding="UTF-8"?>
<!-- Generated by org.testng.reporters.JUnitReportReporter -->
<testsuite hostname="DESKTOP-JBB3FTI" name="com.org.Example.myproject.TC9647_Test" tests="1" failures="0" timestamp="6 Jul 2016 08:26:31 GMT" time="71.969" errors="0">
  <testcase name="Auccount_verification" time="71.969" classname="com.org.Example.myproject.TC9647_Test"/>
</testsuite> <!-- com.org.Example.myproject.TC9647_Test -->
