<?xml version="1.0" encoding="UTF-8"?>
<!-- Generated by org.testng.reporters.JUnitReportReporter -->
<testsuite hostname="SDN-154" name="com.org.Example.myproject.TC9677_Test" tests="1" failures="0" timestamp="9 Jun 2016 05:14:20 GMT" time="113.880" errors="0">
  <testcase name="send_document" time="113.880" classname="com.org.Example.myproject.TC9677_Test"/>
</testsuite> <!-- com.org.Example.myproject.TC9677_Test -->
