<?xml version="1.0" encoding="UTF-8"?>
<!-- Generated by org.testng.reporters.JUnitReportReporter -->
<testsuite hostname="SDN-151" name="com.org.Example.myproject.Rcall_RequestTest" tests="1" failures="0" timestamp="29 Apr 2016 06:42:34 GMT" time="225.532" errors="0">
  <testcase name="RecallWorkFlow" time="225.532" classname="com.org.Example.myproject.Rcall_RequestTest"/>
</testsuite> <!-- com.org.Example.myproject.Rcall_RequestTest -->
