<?xml version="1.0" encoding="UTF-8"?>
<!-- Generated by org.testng.reporters.JUnitReportReporter -->
<testsuite hostname="SDMMAC-F60-2.local" name="com.org.Example.myproject.TC10782_Test" tests="1" failures="0" timestamp="16 Nov 2016 12:51:00 GMT" time="88.235" errors="0">
  <testcase name="CreateProductWithUniversalId" time="88.235" classname="com.org.Example.myproject.TC10782_Test"/>
</testsuite> <!-- com.org.Example.myproject.TC10782_Test -->
