<?xml version="1.0" encoding="UTF-8"?>
<!-- Generated by org.testng.reporters.JUnitReportReporter -->
<testsuite hostname="SDN-271" name="icix.Tests.TC9649_Test" tests="1" failures="0" timestamp="29 Aug 2017 11:10:27 GMT" time="110.275" errors="0">
  <testcase name="testSearchByIcixId" time="110.275" classname="icix.Tests.TC9649_Test"/>
</testsuite> <!-- icix.Tests.TC9649_Test -->
