<?xml version="1.0" encoding="UTF-8"?>
<!-- Generated by org.testng.reporters.JUnitReportReporter -->
<testsuite hostname="SDN-154" name="com.org.Example.myproject.TC9654_Test" tests="1" failures="0" timestamp="17 Jun 2016 07:30:10 GMT" time="313.320" errors="0">
  <testcase name="publicProduct" time="313.320" classname="com.org.Example.myproject.TC9654_Test"/>
</testsuite> <!-- com.org.Example.myproject.TC9654_Test -->
