<?xml version="1.0" encoding="UTF-8"?>
<!-- Generated by org.testng.reporters.JUnitReportReporter -->
<testsuite hostname="SDMMAC-F60-2.local" name="com.org.Example.myproject.TC9647_Test" tests="1" failures="0" timestamp="16 Jun 2016 09:48:00 GMT" time="112.261" errors="0">
  <testcase name="Auccount_verification" time="112.261" classname="com.org.Example.myproject.TC9647_Test"/>
</testsuite> <!-- com.org.Example.myproject.TC9647_Test -->
