<?xml version="1.0" encoding="UTF-8"?>
<!-- Generated by org.testng.reporters.JUnitReportReporter -->
<testsuite hostname="SDMMAC-F60-2.local" name="com.org.Example.myproject.TC9666_Test" tests="1" failures="0" timestamp="14 Feb 2017 09:29:45 GMT" time="324.754" errors="0">
  <testcase name="VerifySendRequirement" time="324.754" classname="com.org.Example.myproject.TC9666_Test"/>
</testsuite> <!-- com.org.Example.myproject.TC9666_Test -->
