<?xml version="1.0" encoding="UTF-8"?>
<!-- Generated by org.testng.reporters.JUnitReportReporter -->
<testsuite hostname="SDN-151" name="com.org.Example.myproject.TC9733_Test" tests="1" failures="0" timestamp="18 May 2016 08:57:58 GMT" time="639.384" errors="0">
  <testcase name="Approve_Request" time="639.384" classname="com.org.Example.myproject.TC9733_Test"/>
</testsuite> <!-- com.org.Example.myproject.TC9733_Test -->
