<?xml version="1.0" encoding="UTF-8"?>
<!-- Generated by org.testng.reporters.JUnitReportReporter -->
<testsuite hostname="DESKTOP-JBB3FTI" name="com.org.Example.myproject.TC9879_Test" tests="1" failures="0" timestamp="11 Jul 2016 09:27:24 GMT" time="323.803" errors="0">
  <testcase name="createNew_form" time="323.803" classname="com.org.Example.myproject.TC9879_Test"/>
</testsuite> <!-- com.org.Example.myproject.TC9879_Test -->
