<?xml version="1.0" encoding="UTF-8"?>
<!-- Generated by org.testng.reporters.JUnitReportReporter -->
<testsuite hostname="DESKTOP-32AV7CG" name="com.org.Example.myproject.TC9672_Test" tests="1" failures="0" timestamp="15 Sep 2016 09:45:01 GMT" time="134.870" errors="0">
  <testcase name="TwoActorWorkFlow" time="134.870" classname="com.org.Example.myproject.TC9672_Test"/>
</testsuite> <!-- com.org.Example.myproject.TC9672_Test -->
