<?xml version="1.0" encoding="UTF-8"?>
<!-- Generated by org.testng.reporters.JUnitReportReporter -->
<testsuite hostname="SDN-154" name="com.org.Example.myproject.TC9733_Test" tests="1" failures="0" timestamp="27 Jun 2016 11:56:59 GMT" time="571.091" errors="0">
  <testcase name="Approve_Request" time="571.091" classname="com.org.Example.myproject.TC9733_Test"/>
</testsuite> <!-- com.org.Example.myproject.TC9733_Test -->
