<?xml version="1.0" encoding="UTF-8"?>
<!-- Generated by org.testng.reporters.JUnitReportReporter -->
<testsuite hostname="SDMMAC-F60-2.local" name="com.org.Example.myproject.TC9668_Test" tests="1" failures="0" timestamp="19 Oct 2016 10:46:21 GMT" time="126.649" errors="0">
  <testcase name="test" time="126.649" classname="com.org.Example.myproject.TC9668_Test"/>
</testsuite> <!-- com.org.Example.myproject.TC9668_Test -->
