<?xml version="1.0" encoding="UTF-8"?>
<!-- Generated by org.testng.reporters.JUnitReportReporter -->
<testsuite hostname="DESKTOP-32AV7CG" name="com.org.Example.myproject.TC10467_Test" tests="1" failures="0" timestamp="19 Sep 2016 07:22:23 GMT" time="71.411" errors="0">
  <testcase name="TPG_tag_status_and_Type" time="71.411" classname="com.org.Example.myproject.TC10467_Test"/>
</testsuite> <!-- com.org.Example.myproject.TC10467_Test -->
