<?xml version="1.0" encoding="UTF-8"?>
<!-- Generated by org.testng.reporters.JUnitReportReporter -->
<testsuite hostname="SDN-154" name="com.org.Example.myproject.TC9889_Test" tests="1" failures="0" timestamp="13 Jun 2016 07:24:30 GMT" time="415.027" errors="0">
  <testcase name="createNew_form" time="415.027" classname="com.org.Example.myproject.TC9889_Test"/>
</testsuite> <!-- com.org.Example.myproject.TC9889_Test -->
