<?xml version="1.0" encoding="UTF-8"?>
<!-- Generated by org.testng.reporters.JUnitReportReporter -->
<testsuite hostname="SDN-154" name="com.org.Example.myproject.TC9677_Test" tests="1" failures="0" timestamp="17 Jun 2016 09:43:35 GMT" time="175.512" errors="0">
  <testcase name="send_document" time="175.512" classname="com.org.Example.myproject.TC9677_Test"/>
</testsuite> <!-- com.org.Example.myproject.TC9677_Test -->
