<?xml version="1.0" encoding="UTF-8"?>
<!-- Generated by org.testng.reporters.JUnitReportReporter -->
<testsuite hostname="SDN-151" name="com.org.Example.myproject.TC9652_Test" tests="1" failures="0" timestamp="6 May 2016 04:55:23 GMT" time="216.462" errors="0">
  <testcase name="testSearchByIcixId" time="216.462" classname="com.org.Example.myproject.TC9652_Test"/>
</testsuite> <!-- com.org.Example.myproject.TC9652_Test -->
