<?xml version="1.0" encoding="UTF-8"?>
<!-- Generated by org.testng.reporters.JUnitReportReporter -->
<testsuite hostname="SDMMAC-F60-2.local" name="com.org.Example.myproject.TC9653_Test" tests="1" failures="0" timestamp="19 Oct 2016 07:35:35 GMT" time="82.275" errors="0">
  <testcase name="Account_verification" time="82.275" classname="com.org.Example.myproject.TC9653_Test"/>
</testsuite> <!-- com.org.Example.myproject.TC9653_Test -->
