<?xml version="1.0" encoding="UTF-8"?>
<!-- Generated by org.testng.reporters.JUnitReportReporter -->
<testsuite hostname="SDN-154" name="com.org.Example.myproject.TC9883_Test" tests="1" failures="0" timestamp="20 Jun 2016 05:33:41 GMT" time="97.839" errors="0">
  <testcase name="Copy_form" time="97.839" classname="com.org.Example.myproject.TC9883_Test"/>
</testsuite> <!-- com.org.Example.myproject.TC9883_Test -->
