<?xml version="1.0" encoding="UTF-8"?>
<!-- Generated by org.testng.reporters.JUnitReportReporter -->
<testsuite hostname="SDN-151" name="com.org.Example.myproject.TPSearchAddressTest" tests="1" failures="0" timestamp="20 Apr 2016 09:15:05 GMT" time="95.520" errors="0">
  <testcase name="testSearchByIcixId" time="95.520" classname="com.org.Example.myproject.TPSearchAddressTest"/>
</testsuite> <!-- com.org.Example.myproject.TPSearchAddressTest -->
