<?xml version="1.0" encoding="UTF-8"?>
<!-- Generated by org.testng.reporters.JUnitReportReporter -->
<testsuite hostname="DESKTOP-VNDJS5D" name="com.org.Example.myproject.TC9670_Test" tests="1" failures="0" timestamp="11 Feb 2017 06:36:15 GMT" time="206.469" errors="0">
  <testcase name="createNew_form" time="206.469" classname="com.org.Example.myproject.TC9670_Test"/>
</testsuite> <!-- com.org.Example.myproject.TC9670_Test -->
