<?xml version="1.0" encoding="UTF-8"?>
<!-- Generated by org.testng.reporters.JUnitReportReporter -->
<testsuite hostname="Laptop-2" name="com.org.Example.myproject.TC9658_Test" tests="1" failures="0" timestamp="20 May 2016 09:10:30 GMT" time="193.274" errors="0">
  <testcase name="searchingfor_conectTOproduct" time="193.274" classname="com.org.Example.myproject.TC9658_Test"/>
</testsuite> <!-- com.org.Example.myproject.TC9658_Test -->
