<?xml version="1.0" encoding="UTF-8"?>
<!-- Generated by org.testng.reporters.JUnitReportReporter -->
<testsuite hostname="SDN-151" name="com.org.Example.myproject.TC9647_Test" tests="1" failures="0" timestamp="8 Jun 2016 05:26:59 GMT" time="129.141" errors="0">
  <testcase name="Auccount_verification" time="129.141" classname="com.org.Example.myproject.TC9647_Test"/>
</testsuite> <!-- com.org.Example.myproject.TC9647_Test -->
