<?xml version="1.0" encoding="UTF-8"?>
<!-- Generated by org.testng.reporters.JUnitReportReporter -->
<testsuite hostname="SDMMAC-F60-2.local" name="com.org.Example.myproject.TC9659_Test" tests="1" failures="0" timestamp="19 Oct 2016 13:09:27 GMT" time="91.762" errors="0">
  <testcase name="Tagstest" time="91.762" classname="com.org.Example.myproject.TC9659_Test"/>
</testsuite> <!-- com.org.Example.myproject.TC9659_Test -->
