<?xml version="1.0" encoding="UTF-8"?>
<!-- Generated by org.testng.reporters.JUnitReportReporter -->
<testsuite hostname="SDMMAC-F60-2.local" name="com.org.Example.myproject.TC9668_Test" tests="1" failures="0" timestamp="21 Nov 2016 08:39:17 GMT" time="105.706" errors="0">
  <testcase name="test" time="105.706" classname="com.org.Example.myproject.TC9668_Test"/>
</testsuite> <!-- com.org.Example.myproject.TC9668_Test -->
