<?xml version="1.0" encoding="UTF-8"?>
<!-- Generated by org.testng.reporters.JUnitReportReporter -->
<testsuite hostname="SDN-154" name="com.org.Example.myproject.TC9911_Test" tests="1" failures="0" timestamp="29 Jun 2016 11:01:08 GMT" time="411.192" errors="0">
  <testcase name="createNew_form" time="411.192" classname="com.org.Example.myproject.TC9911_Test"/>
</testsuite> <!-- com.org.Example.myproject.TC9911_Test -->
