<?xml version="1.0" encoding="UTF-8"?>
<!-- Generated by org.testng.reporters.JUnitReportReporter -->
<testsuite hostname="SDN-154" name="com.org.Example.myproject.TC9678_Test" tests="1" failures="0" timestamp="9 Jun 2016 07:00:20 GMT" time="73.285" errors="0">
  <testcase name="send_document" time="73.285" classname="com.org.Example.myproject.TC9678_Test"/>
</testsuite> <!-- com.org.Example.myproject.TC9678_Test -->
