<?xml version="1.0" encoding="UTF-8"?>
<!-- Generated by org.testng.reporters.JUnitReportReporter -->
<testsuite hostname="SDMQA-S67" name="icix.Tests.TC10753_Test" tests="1" failures="0" timestamp="27 Feb 2017 10:40:40 GMT" time="262.818" errors="0">
  <testcase name="VerifyRequestClosedAfterRemovingRequirement" time="262.818" classname="icix.Tests.TC10753_Test"/>
</testsuite> <!-- icix.Tests.TC10753_Test -->
