<?xml version="1.0" encoding="UTF-8"?>
<!-- Generated by org.testng.reporters.JUnitReportReporter -->
<testsuite hostname="DESKTOP-32AV7CG" name="com.org.Example.myproject.TC9673_Test" tests="1" failures="0" timestamp="15 Sep 2016 09:47:48 GMT" time="130.012" errors="0">
  <testcase name="productTwoactor_workflow" time="130.012" classname="com.org.Example.myproject.TC9673_Test"/>
</testsuite> <!-- com.org.Example.myproject.TC9673_Test -->
