<?xml version="1.0" encoding="UTF-8"?>
<!-- Generated by org.testng.reporters.JUnitReportReporter -->
<testsuite hostname="SDMMAC-F60-2.local" name="com.org.Example.myproject.TC10460_Test" tests="1" failures="0" timestamp="19 Oct 2016 07:56:16 GMT" time="63.631" errors="0">
  <testcase name="TPG_Tags" time="63.631" classname="com.org.Example.myproject.TC10460_Test"/>
</testsuite> <!-- com.org.Example.myproject.TC10460_Test -->
