<?xml version="1.0" encoding="UTF-8"?>
<!-- Generated by org.testng.reporters.JUnitReportReporter -->
<testsuite hostname="SDN-151" name="com.org.Example.myproject.TPsearchPostalCodeTest" tests="1" failures="0" timestamp="20 Apr 2016 09:26:48 GMT" time="98.223" errors="0">
  <testcase name="testSearchByIcixId" time="98.223" classname="com.org.Example.myproject.TPsearchPostalCodeTest"/>
</testsuite> <!-- com.org.Example.myproject.TPsearchPostalCodeTest -->
