<?xml version="1.0" encoding="UTF-8"?>
<!-- Generated by org.testng.reporters.JUnitReportReporter -->
<testsuite hostname="SDN-151" name="com.org.Example.myproject.TC9653_Test" tests="1" failures="0" timestamp="2 May 2016 04:47:28 GMT" time="128.786" errors="0">
  <testcase name="Auccount_verification" time="128.786" classname="com.org.Example.myproject.TC9653_Test"/>
</testsuite> <!-- com.org.Example.myproject.TC9653_Test -->
