<?xml version="1.0" encoding="UTF-8"?>
<!-- Generated by org.testng.reporters.JUnitReportReporter -->
<testsuite hostname="DESKTOP-32AV7CG" name="com.org.Example.myproject.SampleTestCase" tests="1" failures="0" timestamp="16 Feb 2017 07:31:31 GMT" time="41.087" errors="0">
  <testcase name="Productgroup" time="41.087" classname="com.org.Example.myproject.SampleTestCase"/>
</testsuite> <!-- com.org.Example.myproject.SampleTestCase -->
