<?xml version="1.0" encoding="UTF-8"?>
<!-- Generated by org.testng.reporters.JUnitReportReporter -->
<testsuite hostname="Laptop-2" name="com.org.Example.myproject.TC9666_Test" tests="1" failures="0" timestamp="24 May 2016 06:56:34 GMT" time="186.661" errors="0">
  <testcase name="SetAndSendCompilince" time="186.661" classname="com.org.Example.myproject.TC9666_Test"/>
</testsuite> <!-- com.org.Example.myproject.TC9666_Test -->
