<?xml version="1.0" encoding="UTF-8"?>
<!-- Generated by org.testng.reporters.JUnitReportReporter -->
<testsuite hostname="SDMMG-F29" name="com.org.Example.myproject.TC9832_Test" tests="1" failures="0" timestamp="20 Dec 2016 05:25:09 GMT" time="302.557" errors="0">
  <testcase name="BPF_Scenario05" time="302.557" classname="com.org.Example.myproject.TC9832_Test"/>
</testsuite> <!-- com.org.Example.myproject.TC9832_Test -->
