<?xml version="1.0" encoding="UTF-8"?>
<!-- Generated by org.testng.reporters.JUnitReportReporter -->
<testsuite hostname="Laptop-2" name="com.org.Example.myproject.TC9654_Test" tests="1" failures="0" timestamp="26 May 2016 06:49:40 GMT" time="116.025" errors="0">
  <testcase name="publicProduct" time="116.025" classname="com.org.Example.myproject.TC9654_Test"/>
</testsuite> <!-- com.org.Example.myproject.TC9654_Test -->
