<?xml version="1.0" encoding="UTF-8"?>
<!-- Generated by org.testng.reporters.JUnitReportReporter -->
<testsuite hostname="SDMMAC-F60-2.local" name="com.org.Example.myproject.TC9652_Test" tests="1" failures="0" timestamp="17 Oct 2016 09:55:35 GMT" time="67.364" errors="0">
  <testcase name="testSearchByAddAndName" time="67.364" classname="com.org.Example.myproject.TC9652_Test"/>
</testsuite> <!-- com.org.Example.myproject.TC9652_Test -->
