<?xml version="1.0" encoding="UTF-8"?>
<!-- Generated by org.testng.reporters.JUnitReportReporter -->
<testsuite hostname="SDN-209" name="icix.Tests.TC10462_Test" tests="1" failures="0" timestamp="14 Apr 2017 06:45:16 GMT" time="128.755" errors="0">
  <testcase name="TPG_RelationshipType" time="128.755" classname="icix.Tests.TC10462_Test"/>
</testsuite> <!-- icix.Tests.TC10462_Test -->
