<?xml version="1.0" encoding="UTF-8"?>
<!-- Generated by org.testng.reporters.JUnitReportReporter -->
<testsuite hostname="SDN-154" name="com.org.Example.myproject.TC9872_Test" tests="1" failures="0" timestamp="14 Jun 2016 09:35:55 GMT" time="410.287" errors="0">
  <testcase name="createNew_form" time="410.287" classname="com.org.Example.myproject.TC9872_Test"/>
</testsuite> <!-- com.org.Example.myproject.TC9872_Test -->
