<?xml version="1.0" encoding="UTF-8"?>
<!-- Generated by org.testng.reporters.JUnitReportReporter -->
<testsuite hostname="Laptop-2" name="com.org.Example.myproject.TC9845_Test" tests="1" failures="0" timestamp="26 May 2016 11:01:08 GMT" time="329.633" errors="0">
  <testcase name="createNew_form" time="329.633" classname="com.org.Example.myproject.TC9845_Test"/>
</testsuite> <!-- com.org.Example.myproject.TC9845_Test -->
