<?xml version="1.0" encoding="UTF-8"?>
<!-- Generated by org.testng.reporters.JUnitReportReporter -->
<testsuite hostname="SDN-151" name="com.org.Example.myproject.CreateNew_TagTest" tests="1" failures="0" timestamp="22 Apr 2016 02:09:37 GMT" time="92.398" errors="0">
  <testcase name="Tagstest" time="92.398" classname="com.org.Example.myproject.CreateNew_TagTest"/>
</testsuite> <!-- com.org.Example.myproject.CreateNew_TagTest -->
