<?xml version="1.0" encoding="UTF-8"?>
<!-- Generated by org.testng.reporters.JUnitReportReporter -->
<testsuite hostname="SDMMAC-F60-2.local" name="com.org.Example.myproject.TC10753_Test" tests="1" failures="0" timestamp="4 Oct 2016 10:49:33 GMT" time="128.495" errors="0">
  <testcase name="VerifyReqAfterRequirementRemoved" time="128.495" classname="com.org.Example.myproject.TC10753_Test"/>
</testsuite> <!-- com.org.Example.myproject.TC10753_Test -->
