<?xml version="1.0" encoding="UTF-8"?>
<!-- Generated by org.testng.reporters.JUnitReportReporter -->
<testsuite hostname="SDMMAC-F60-2.local" name="com.org.Example.myproject.AccountsconnectandsearchTest" tests="1" failures="0" timestamp="21 Apr 2016 07:33:18 GMT" time="187.801" errors="0">
  <testcase name="Auccount_verification" time="187.801" classname="com.org.Example.myproject.AccountsconnectandsearchTest"/>
</testsuite> <!-- com.org.Example.myproject.AccountsconnectandsearchTest -->
