<?xml version="1.0" encoding="UTF-8"?>
<!-- Generated by org.testng.reporters.JUnitReportReporter -->
<testsuite hostname="SDMMAC-F60-2.local" name="com.org.Example.myproject.TC9678_Test" tests="1" failures="0" timestamp="17 Oct 2016 08:00:43 GMT" time="74.589" errors="0">
  <testcase name="send_document" time="74.589" classname="com.org.Example.myproject.TC9678_Test"/>
</testsuite> <!-- com.org.Example.myproject.TC9678_Test -->
