<?xml version="1.0" encoding="UTF-8"?>
<!-- Generated by org.testng.reporters.JUnitReportReporter -->
<testsuite hostname="SDN-151" name="com.org.Example.myproject.ConnectToProductTest" tests="1" failures="0" timestamp="27 Apr 2016 12:25:57 GMT" time="337.158" errors="0">
  <testcase name="searchingfor_conectTOproduct" time="337.158" classname="com.org.Example.myproject.ConnectToProductTest"/>
</testsuite> <!-- com.org.Example.myproject.ConnectToProductTest -->
