<?xml version="1.0" encoding="UTF-8"?>
<!-- Generated by org.testng.reporters.JUnitReportReporter -->
<testsuite hostname="DESKTOP-32AV7CG" name="com.org.Example.myproject.TC10462_Test" tests="1" failures="0" timestamp="29 Nov 2016 08:34:45 GMT" time="77.456" errors="0">
  <testcase name="TPG_RelationshipType" time="77.456" classname="com.org.Example.myproject.TC10462_Test"/>
</testsuite> <!-- com.org.Example.myproject.TC10462_Test -->
