<?xml version="1.0" encoding="UTF-8"?>
<!-- Generated by org.testng.reporters.JUnitReportReporter -->
<testsuite hostname="SDN-151" name="com.org.Example.myproject.Tp_groupTest" tests="1" failures="0" timestamp="21 Apr 2016 08:57:19 GMT" time="202.298" errors="0">
  <testcase name="test" time="202.298" classname="com.org.Example.myproject.Tp_groupTest"/>
</testsuite> <!-- com.org.Example.myproject.Tp_groupTest -->
