<?xml version="1.0" encoding="UTF-8"?>
<!-- Generated by org.testng.reporters.JUnitReportReporter -->
<testsuite hostname="SDMMAC-F60-2.local" name="com.org.Example.myproject.TC9675_Test" tests="1" failures="0" timestamp="22 Sep 2016 08:16:21 GMT" time="100.314" errors="0">
  <testcase name="uploadpublicdocument" time="100.314" classname="com.org.Example.myproject.TC9675_Test"/>
</testsuite> <!-- com.org.Example.myproject.TC9675_Test -->
