<?xml version="1.0" encoding="UTF-8"?>
<!-- Generated by org.testng.reporters.JUnitReportReporter -->
<testsuite hostname="SDMMAC-F60-2.local" name="com.org.Example.myproject.TC9672_Test" tests="1" failures="0" timestamp="1 Nov 2016 11:13:16 GMT" time="609.029" errors="0">
  <testcase name="TwoActorWorkFlow" time="609.029" classname="com.org.Example.myproject.TC9672_Test"/>
</testsuite> <!-- com.org.Example.myproject.TC9672_Test -->
