<?xml version="1.0" encoding="UTF-8"?>
<!-- Generated by org.testng.reporters.JUnitReportReporter -->
<testsuite hostname="SDMQA--B51" name="icix.Tests.TC9647_Test" tests="1" failures="0" timestamp="9 Feb 2017 14:20:29 GMT" time="126.857" errors="0">
  <testcase name="Account_verification" time="126.857" classname="icix.Tests.TC9647_Test"/>
</testsuite> <!-- icix.Tests.TC9647_Test -->
