<?xml version="1.0" encoding="UTF-8"?>
<!-- Generated by org.testng.reporters.JUnitReportReporter -->
<testsuite hostname="SDN-271" name="icix.Tests.TC9675_Test" tests="1" failures="0" timestamp="23 Aug 2017 13:30:26 GMT" time="92.097" errors="0">
  <testcase name="Upload" time="92.097" classname="icix.Tests.TC9675_Test"/>
</testsuite> <!-- icix.Tests.TC9675_Test -->
