<?xml version="1.0" encoding="UTF-8"?>
<!-- Generated by org.testng.reporters.JUnitReportReporter -->
<testsuite hostname="SDMMAC-F60-2.local" name="com.org.Example.myproject.TC9663_Test" tests="1" failures="0" timestamp="21 Nov 2016 09:47:41 GMT" time="91.314" errors="0">
  <testcase name="Edit_TradingPartner" time="91.314" classname="com.org.Example.myproject.TC9663_Test"/>
</testsuite> <!-- com.org.Example.myproject.TC9663_Test -->
