<?xml version="1.0" encoding="UTF-8"?>
<!-- Generated by org.testng.reporters.JUnitReportReporter -->
<testsuite hostname="amitm-F81" name="com.org.Example.myproject.TC9663_Test" tests="1" failures="0" timestamp="2 Jun 2016 09:32:36 GMT" time="117.886" errors="0">
  <testcase name="Edit_TradingPartner" time="117.886" classname="com.org.Example.myproject.TC9663_Test"/>
</testsuite> <!-- com.org.Example.myproject.TC9663_Test -->
