<?xml version="1.0" encoding="UTF-8"?>
<!-- Generated by org.testng.reporters.JUnitReportReporter -->
<testsuite hostname="DESKTOP-JBB3FTI" name="com.org.Example.myproject.TC9877_Test" tests="1" failures="0" timestamp="11 Jul 2016 07:28:27 GMT" time="370.642" errors="0">
  <testcase name="createNew_form" time="370.642" classname="com.org.Example.myproject.TC9877_Test"/>
</testsuite> <!-- com.org.Example.myproject.TC9877_Test -->
