<?xml version="1.0" encoding="UTF-8"?>
<!-- Generated by org.testng.reporters.JUnitReportReporter -->
<testsuite hostname="DESKTOP-JBB3FTI" name="com.org.Example.myproject.TC9872_Test" tests="1" failures="0" timestamp="11 Jul 2016 06:32:18 GMT" time="356.733" errors="0">
  <testcase name="createNew_form" time="356.733" classname="com.org.Example.myproject.TC9872_Test"/>
</testsuite> <!-- com.org.Example.myproject.TC9872_Test -->
