<?xml version="1.0" encoding="UTF-8"?>
<!-- Generated by org.testng.reporters.JUnitReportReporter -->
<testsuite hostname="DESKTOP-32AV7CG" name="com.org.Example.myproject.TC9665_Test" tests="1" failures="0" timestamp="6 Dec 2016 09:01:15 GMT" time="115.737" errors="0">
  <testcase name="TPG_Tags" time="115.737" classname="com.org.Example.myproject.TC9665_Test"/>
</testsuite> <!-- com.org.Example.myproject.TC9665_Test -->
