<?xml version="1.0" encoding="UTF-8"?>
<!-- Generated by org.testng.reporters.JUnitReportReporter -->
<testsuite hostname="SDN-271" name="icix.Tests.TC10752_Test" tests="1" failures="0" timestamp="25 Aug 2017 10:23:56 GMT" time="502.173" errors="0">
  <testcase name="VerifySendReqAtRespSide" time="502.173" classname="icix.Tests.TC10752_Test"/>
</testsuite> <!-- icix.Tests.TC10752_Test -->
