<?xml version="1.0" encoding="UTF-8"?>
<!-- Generated by org.testng.reporters.JUnitReportReporter -->
<testsuite hostname="DESKTOP-JBB3FTI" name="com.org.Example.myproject.TC9827_Test" tests="1" failures="0" timestamp="7 Jul 2016 11:57:49 GMT" time="908.809" errors="0">
  <testcase name="createNew_form" time="908.809" classname="com.org.Example.myproject.TC9827_Test"/>
</testsuite> <!-- com.org.Example.myproject.TC9827_Test -->
