<?xml version="1.0" encoding="UTF-8"?>
<!-- Generated by org.testng.reporters.JUnitReportReporter -->
<testsuite hostname="SDN-271" name="icix.Tests.TC9670_Test" tests="1" failures="0" timestamp="23 Aug 2017 12:33:03 GMT" time="167.598" errors="0">
  <testcase name="createNew_form" time="167.598" classname="icix.Tests.TC9670_Test"/>
</testsuite> <!-- icix.Tests.TC9670_Test -->
