<?xml version="1.0" encoding="UTF-8"?>
<!-- Generated by org.testng.reporters.JUnitReportReporter -->
<testsuite hostname="SDMMAC-F60-2.local" name="com.org.Example.myproject.TC10782_Test" tests="1" failures="0" timestamp="28 Nov 2016 10:51:55 GMT" time="99.509" errors="0">
  <testcase name="CreateProductWithUniversalId" time="99.509" classname="com.org.Example.myproject.TC10782_Test"/>
</testsuite> <!-- com.org.Example.myproject.TC10782_Test -->
