<?xml version="1.0" encoding="UTF-8"?>
<!-- Generated by org.testng.reporters.JUnitReportReporter -->
<testsuite hostname="SDN-154" name="com.org.Example.myproject.TC9876_Test" tests="1" failures="0" timestamp="10 Jun 2016 10:07:36 GMT" time="362.346" errors="0">
  <testcase name="createNew_form" time="362.346" classname="com.org.Example.myproject.TC9876_Test"/>
</testsuite> <!-- com.org.Example.myproject.TC9876_Test -->
