<?xml version="1.0" encoding="UTF-8"?>
<!-- Generated by org.testng.reporters.JUnitReportReporter -->
<testsuite hostname="SDMMAC-F60-2.local" name="com.org.Example.myproject.TC10469_Test" tests="1" failures="0" timestamp="10 Nov 2016 08:28:23 GMT" time="181.737" errors="0">
  <testcase name="Save_Multiple_Requirements" time="181.737" classname="com.org.Example.myproject.TC10469_Test"/>
</testsuite> <!-- com.org.Example.myproject.TC10469_Test -->
