<?xml version="1.0" encoding="UTF-8"?>
<!-- Generated by org.testng.reporters.JUnitReportReporter -->
<testsuite hostname="SDMMAC-F60-2.local" name="com.org.Example.myproject.TC10761_Test" tests="1" failures="0" timestamp="4 Oct 2016 11:29:39 GMT" time="148.516" errors="0">
  <testcase name="SendRequestToPendingTPStatus" time="148.516" classname="com.org.Example.myproject.TC10761_Test"/>
</testsuite> <!-- com.org.Example.myproject.TC10761_Test -->
