<?xml version="1.0" encoding="UTF-8"?>
<!-- Generated by org.testng.reporters.JUnitReportReporter -->
<testsuite hostname="SDMMAC-F60-2.local" name="com.org.Example.myproject.TC10467_Test" tests="1" failures="0" timestamp="1 Nov 2016 11:16:12 GMT" time="85.380" errors="0">
  <testcase name="TPG_tag_status_and_Type" time="85.380" classname="com.org.Example.myproject.TC10467_Test"/>
</testsuite> <!-- com.org.Example.myproject.TC10467_Test -->
