<?xml version="1.0" encoding="UTF-8"?>
<!-- Generated by org.testng.reporters.JUnitReportReporter -->
<testsuite hostname="SDMMAC-F60-2.local" name="com.org.Example.myproject.TC9647_Test" tests="1" failures="0" timestamp="8 Sep 2016 08:19:18 GMT" time="128.351" errors="0">
  <testcase name="Auccount_verification" time="128.351" classname="com.org.Example.myproject.TC9647_Test"/>
</testsuite> <!-- com.org.Example.myproject.TC9647_Test -->
