<?xml version="1.0" encoding="UTF-8"?>
<!-- Generated by org.testng.reporters.JUnitReportReporter -->
<testsuite hostname="Training-14" name="com.org.Example.myproject.TC9735_Test" tests="1" failures="0" timestamp="29 Sep 2016 08:09:40 GMT" time="2752.366" errors="0">
  <testcase name="productTwoactor_workflow" time="2752.366" classname="com.org.Example.myproject.TC9735_Test"/>
</testsuite> <!-- com.org.Example.myproject.TC9735_Test -->
