<?xml version="1.0" encoding="UTF-8"?>
<!-- Generated by org.testng.reporters.JUnitReportReporter -->
<testsuite hostname="SDN-151" name="com.org.Example.myproject.TC9659_Test" tests="1" failures="0" timestamp="6 May 2016 04:59:01 GMT" time="183.263" errors="0">
  <testcase name="Tagstest" time="183.263" classname="com.org.Example.myproject.TC9659_Test"/>
</testsuite> <!-- com.org.Example.myproject.TC9659_Test -->
