<?xml version="1.0" encoding="UTF-8"?>
<!-- Generated by org.testng.reporters.JUnitReportReporter -->
<testsuite hostname="DESKTOP-32AV7CG" name="com.org.Example.myproject.TC10461_Test" tests="1" failures="0" timestamp="19 Sep 2016 07:12:03 GMT" time="60.490" errors="0">
  <testcase name="TPG_Relationship_Status" time="60.490" classname="com.org.Example.myproject.TC10461_Test"/>
</testsuite> <!-- com.org.Example.myproject.TC10461_Test -->
