<?xml version="1.0" encoding="UTF-8"?>
<!-- Generated by org.testng.reporters.JUnitReportReporter -->
<testsuite hostname="SDMMAC-F60-2.local" name="com.org.Example.myproject.TC10752_Test" tests="1" failures="0" timestamp="4 Oct 2016 07:52:40 GMT" time="177.214" errors="0">
  <testcase name="VerifyReqAtResponderEnd" time="177.214" classname="com.org.Example.myproject.TC10752_Test"/>
</testsuite> <!-- com.org.Example.myproject.TC10752_Test -->
