<?xml version="1.0" encoding="UTF-8"?>
<!-- Generated by org.testng.reporters.JUnitReportReporter -->
<testsuite hostname="SDN-154" name="com.org.Example.myproject.TC9669_Test" tests="1" failures="0" timestamp="8 Jun 2016 11:52:15 GMT" time="220.755" errors="0">
  <testcase name="createNew_Question" time="220.755" classname="com.org.Example.myproject.TC9669_Test"/>
</testsuite> <!-- com.org.Example.myproject.TC9669_Test -->
