<?xml version="1.0" encoding="UTF-8"?>
<!-- Generated by org.testng.reporters.JUnitReportReporter -->
<testsuite hostname="Laptop-2" name="com.org.Example.myproject.TC9832_Test" tests="1" failures="0" timestamp="24 May 2016 08:39:30 GMT" time="338.303" errors="0">
  <testcase name="createNew_form" time="338.303" classname="com.org.Example.myproject.TC9832_Test"/>
</testsuite> <!-- com.org.Example.myproject.TC9832_Test -->
