<?xml version="1.0" encoding="UTF-8"?>
<!-- Generated by org.testng.reporters.JUnitReportReporter -->
<testsuite hostname="amitm-F81" name="com.org.Example.myproject.TC9932_Test" tests="1" failures="0" timestamp="1 Jun 2016 08:24:00 GMT" time="296.021" errors="0">
  <testcase name="createNew_form" time="296.021" classname="com.org.Example.myproject.TC9932_Test"/>
</testsuite> <!-- com.org.Example.myproject.TC9932_Test -->
