<?xml version="1.0" encoding="UTF-8"?>
<!-- Generated by org.testng.reporters.JUnitReportReporter -->
<testsuite hostname="SDN-154" name="com.org.Example.myproject.TC9667_Test" tests="1" failures="0" timestamp="15 Jun 2016 09:44:04 GMT" time="130.907" errors="0">
  <testcase name="Productgroup" time="130.907" classname="com.org.Example.myproject.TC9667_Test"/>
</testsuite> <!-- com.org.Example.myproject.TC9667_Test -->
