<?xml version="1.0" encoding="UTF-8"?>
<!-- Generated by org.testng.reporters.JUnitReportReporter -->
<testsuite hostname="DESKTOP-JBB3FTI" name="com.org.Example.myproject.TC9664_Test" tests="1" failures="0" timestamp="5 Jul 2016 08:45:49 GMT" time="147.870" errors="0">
  <testcase name="test" time="147.870" classname="com.org.Example.myproject.TC9664_Test"/>
</testsuite> <!-- com.org.Example.myproject.TC9664_Test -->
