<?xml version="1.0" encoding="UTF-8"?>
<!-- Generated by org.testng.reporters.JUnitReportReporter -->
<testsuite hostname="DESKTOP-32AV7CG" name="com.org.Example.myproject.TC9648_Test" tests="1" failures="0" timestamp="14 Feb 2017 13:24:47 GMT" time="87.080" errors="0">
  <testcase name="SearchByCompanyName" time="87.080" classname="com.org.Example.myproject.TC9648_Test"/>
</testsuite> <!-- com.org.Example.myproject.TC9648_Test -->
