<?xml version="1.0" encoding="UTF-8"?>
<!-- Generated by org.testng.reporters.JUnitReportReporter -->
<testsuite hostname="SDN-151" name="com.org.Example.myproject.TC9654_Test" tests="1" failures="0" timestamp="29 Apr 2016 12:22:30 GMT" time="261.923" errors="0">
  <testcase name="publicProduct" time="261.923" classname="com.org.Example.myproject.TC9654_Test"/>
</testsuite> <!-- com.org.Example.myproject.TC9654_Test -->
