<?xml version="1.0" encoding="UTF-8"?>
<!-- Generated by org.testng.reporters.JUnitReportReporter -->
<testsuite hostname="SDMMAC-F60-2.local" name="com.org.Example.myproject.TC9652_Test" tests="1" failures="0" timestamp="10 Nov 2016 05:10:29 GMT" time="84.904" errors="0">
  <testcase name="testSearchByAddAndName" time="84.904" classname="com.org.Example.myproject.TC9652_Test"/>
</testsuite> <!-- com.org.Example.myproject.TC9652_Test -->
