<?xml version="1.0" encoding="UTF-8"?>
<!-- Generated by org.testng.reporters.JUnitReportReporter -->
<testsuite hostname="SDN-154" name="com.org.Example.myproject.TC9908_Test" tests="1" failures="0" timestamp="16 Jun 2016 08:51:00 GMT" time="356.080" errors="0">
  <testcase name="createNew_form" time="356.080" classname="com.org.Example.myproject.TC9908_Test"/>
</testsuite> <!-- com.org.Example.myproject.TC9908_Test -->
