<?xml version="1.0" encoding="UTF-8"?>
<!-- Generated by org.testng.reporters.JUnitReportReporter -->
<testsuite hostname="SDN-151" name="com.org.Example.myproject.TC9666_Test" tests="1" failures="0" timestamp="18 May 2016 05:50:38 GMT" time="250.797" errors="0">
  <testcase name="SetAndSendCompilince" time="250.797" classname="com.org.Example.myproject.TC9666_Test"/>
</testsuite> <!-- com.org.Example.myproject.TC9666_Test -->
