<?xml version="1.0" encoding="UTF-8"?>
<!-- Generated by org.testng.reporters.JUnitReportReporter -->
<testsuite hostname="SDN-151" name="com.org.Example.myproject.TPsearchCompanyNameTest" tests="1" failures="0" timestamp="20 Apr 2016 09:22:12 GMT" time="85.035" errors="0">
  <testcase name="testSearchByIcixId" time="85.035" classname="com.org.Example.myproject.TPsearchCompanyNameTest"/>
</testsuite> <!-- com.org.Example.myproject.TPsearchCompanyNameTest -->
