<?xml version="1.0" encoding="UTF-8"?>
<!-- Generated by org.testng.reporters.JUnitReportReporter -->
<testsuite hostname="Rupeshs-MacBook-Pro-2.local" name="com.org.Example.myproject.TC10460_Test" tests="1" failures="0" timestamp="21 Sep 2016 07:32:22 GMT" time="65.404" errors="0">
  <testcase name="TPG_Tags" time="65.404" classname="com.org.Example.myproject.TC10460_Test"/>
</testsuite> <!-- com.org.Example.myproject.TC10460_Test -->
