<?xml version="1.0" encoding="UTF-8"?>
<!-- Generated by org.testng.reporters.JUnitReportReporter -->
<testsuite hostname="Training-14" name="com.org.Example.myproject.TC9648_Test" tests="1" failures="0" timestamp="29 Sep 2016 11:09:27 GMT" time="60.099" errors="0">
  <testcase name="testSearchByIcixId" time="60.099" classname="com.org.Example.myproject.TC9648_Test"/>
</testsuite> <!-- com.org.Example.myproject.TC9648_Test -->
