<?xml version="1.0" encoding="UTF-8"?>
<!-- Generated by org.testng.reporters.JUnitReportReporter -->
<testsuite hostname="DESKTOP-32AV7CG" name="com.org.Example.myproject.TC9663_Test" tests="1" failures="0" timestamp="2 Dec 2016 10:07:04 GMT" time="107.878" errors="0">
  <testcase name="Change_Relationship_Type" time="107.878" classname="com.org.Example.myproject.TC9663_Test"/>
</testsuite> <!-- com.org.Example.myproject.TC9663_Test -->
