<?xml version="1.0" encoding="UTF-8"?>
<!-- Generated by org.testng.reporters.JUnitReportReporter -->
<testsuite hostname="SDN-151" name="com.org.Example.myproject.Create_PublicproductTest" tests="1" failures="0" timestamp="28 Apr 2016 07:29:57 GMT" time="311.934" errors="0">
  <testcase name="publicProduct" time="311.934" classname="com.org.Example.myproject.Create_PublicproductTest"/>
</testsuite> <!-- com.org.Example.myproject.Create_PublicproductTest -->
