<?xml version="1.0" encoding="UTF-8"?>
<!-- Generated by org.testng.reporters.JUnitReportReporter -->
<testsuite hostname="SDN-154" name="com.org.Example.myproject.TC9826_Test" tests="1" failures="0" timestamp="16 Jun 2016 05:01:12 GMT" time="322.436" errors="0">
  <testcase name="createNew_form" time="322.436" classname="com.org.Example.myproject.TC9826_Test"/>
</testsuite> <!-- com.org.Example.myproject.TC9826_Test -->
