<?xml version="1.0" encoding="UTF-8"?>
<!-- Generated by org.testng.reporters.JUnitReportReporter -->
<testsuite hostname="SDN-151" name="com.org.Example.myproject.Tp_createrequestTest" tests="1" failures="0" timestamp="29 Apr 2016 10:50:00 GMT" time="204.529" errors="0">
  <testcase name="createRequest" time="204.529" classname="com.org.Example.myproject.Tp_createrequestTest"/>
</testsuite> <!-- com.org.Example.myproject.Tp_createrequestTest -->
