<?xml version="1.0" encoding="UTF-8"?>
<!-- Generated by org.testng.reporters.JUnitReportReporter -->
<testsuite hostname="SDN-151" name="com.org.Example.myproject.AccountsconnectandsearchTest" tests="1" failures="0" timestamp="29 Apr 2016 10:49:59 GMT" time="117.597" errors="0">
  <testcase name="Auccount_verification" time="117.597" classname="com.org.Example.myproject.AccountsconnectandsearchTest"/>
</testsuite> <!-- com.org.Example.myproject.AccountsconnectandsearchTest -->
