<?xml version="1.0" encoding="UTF-8"?>
<!-- Generated by org.testng.reporters.JUnitReportReporter -->
<testsuite hostname="SDN-151" name="com.org.Example.myproject.Request_SubmitFormTest" tests="1" failures="0" timestamp="4 May 2016 12:10:31 GMT" time="401.427" errors="0">
  <testcase name="SubmitformBYresponder" time="401.427" classname="com.org.Example.myproject.Request_SubmitFormTest"/>
</testsuite> <!-- com.org.Example.myproject.Request_SubmitFormTest -->
