<?xml version="1.0" encoding="UTF-8"?>
<!-- Generated by org.testng.reporters.JUnitReportReporter -->
<testsuite hostname="SDN-151" name="com.org.Example.myproject.TC9648_Test" tests="1" failures="0" timestamp="9 May 2016 07:52:51 GMT" time="154.289" errors="0">
  <testcase name="testSearchByIcixId" time="154.289" classname="com.org.Example.myproject.TC9648_Test"/>
</testsuite> <!-- com.org.Example.myproject.TC9648_Test -->
