<?xml version="1.0" encoding="UTF-8"?>
<!-- Generated by org.testng.reporters.JUnitReportReporter -->
<testsuite hostname="SDN-151" name="com.org.Example.myproject.TC9650_Test" tests="1" failures="0" timestamp="5 May 2016 13:50:20 GMT" time="164.595" errors="0">
  <testcase name="testSearchByIcixId" time="164.595" classname="com.org.Example.myproject.TC9650_Test"/>
</testsuite> <!-- com.org.Example.myproject.TC9650_Test -->
