<?xml version="1.0" encoding="UTF-8"?>
<!-- Generated by org.testng.reporters.JUnitReportReporter -->
<testsuite hostname="SDMQA-S67" name="icix.Tests.TC10782_Test" tests="1" failures="0" timestamp="21 Feb 2017 11:57:20 GMT" time="122.943" errors="0">
  <testcase name="TestProductSearchByUniID" time="122.943" classname="icix.Tests.TC10782_Test"/>
</testsuite> <!-- icix.Tests.TC10782_Test -->
