<?xml version="1.0" encoding="UTF-8"?>
<!-- Generated by org.testng.reporters.JUnitReportReporter -->
<testsuite hostname="soumitrip-2013" name="icix.Tests.TC10781_Test" tests="1" failures="0" timestamp="2 Mar 2017 15:20:51 GMT" time="81.395" errors="0">
  <testcase name="TestProductSearchWithoutUID" time="81.395" classname="icix.Tests.TC10781_Test"/>
</testsuite> <!-- icix.Tests.TC10781_Test -->
