<?xml version="1.0" encoding="UTF-8"?>
<!-- Generated by org.testng.reporters.JUnitReportReporter -->
<testsuite hostname="DESKTOP-JBB3FTI" name="com.org.Example.myproject.TC9668_Test" tests="1" failures="0" timestamp="1 Jul 2016 09:39:42 GMT" time="118.586" errors="0">
  <testcase name="test" time="118.586" classname="com.org.Example.myproject.TC9668_Test"/>
</testsuite> <!-- com.org.Example.myproject.TC9668_Test -->
