<?xml version="1.0" encoding="UTF-8"?>
<!-- Generated by org.testng.reporters.JUnitReportReporter -->
<testsuite hostname="SDMQA-S67" name="icix.Tests.TC9670_Test" tests="1" failures="0" timestamp="22 Feb 2017 08:51:34 GMT" time="167.225" errors="0">
  <testcase name="createNew_form" time="167.225" classname="icix.Tests.TC9670_Test"/>
</testsuite> <!-- icix.Tests.TC9670_Test -->
