<?xml version="1.0" encoding="UTF-8"?>
<!-- Generated by org.testng.reporters.JUnitReportReporter -->
<testsuite hostname="SDN-151" name="com.org.Example.myproject.TC9673_Test" tests="1" failures="0" timestamp="4 May 2016 12:10:32 GMT" time="349.241" errors="0">
  <testcase name="productTwoactor_workflow" time="349.241" classname="com.org.Example.myproject.TC9673_Test"/>
</testsuite> <!-- com.org.Example.myproject.TC9673_Test -->
