<?xml version="1.0" encoding="UTF-8"?>
<!-- Generated by org.testng.reporters.JUnitReportReporter -->
<testsuite hostname="SDMQA-S67" name="icix.Tests.TC10467_Test" tests="1" failures="0" timestamp="22 Feb 2017 07:34:34 GMT" time="131.799" errors="0">
  <testcase name="TPG_RelationshipType" time="131.799" classname="icix.Tests.TC10467_Test"/>
</testsuite> <!-- icix.Tests.TC10467_Test -->
