<?xml version="1.0" encoding="UTF-8"?>
<!-- Generated by org.testng.reporters.JUnitReportReporter -->
<testsuite hostname="SDMMAC-F60-2.local" name="com.org.Example.myproject.TC10460_Test" tests="1" failures="0" timestamp="29 Sep 2016 13:00:49 GMT" time="62.985" errors="0">
  <testcase name="Approve_Request" time="62.985" classname="com.org.Example.myproject.TC10460_Test"/>
</testsuite> <!-- com.org.Example.myproject.TC10460_Test -->
