<?xml version="1.0" encoding="UTF-8"?>
<!-- Generated by org.testng.reporters.JUnitReportReporter -->
<testsuite hostname="SDN-154" name="com.org.Example.myproject.TC9832_Test" tests="1" failures="0" timestamp="13 Jun 2016 19:45:03 GMT" time="355.012" errors="0">
  <testcase name="createNew_form" time="355.012" classname="com.org.Example.myproject.TC9832_Test"/>
</testsuite> <!-- com.org.Example.myproject.TC9832_Test -->
