<?xml version="1.0" encoding="UTF-8"?>
<!-- Generated by org.testng.reporters.JUnitReportReporter -->
<testsuite hostname="SDN-151" name="com.org.Example.myproject.CreateproductgroupTest" tests="1" failures="0" timestamp="26 Apr 2016 05:50:26 GMT" time="162.711" errors="0">
  <testcase name="Productgroup" time="162.711" classname="com.org.Example.myproject.CreateproductgroupTest"/>
</testsuite> <!-- com.org.Example.myproject.CreateproductgroupTest -->
