<?xml version="1.0" encoding="UTF-8"?>
<!-- Generated by org.testng.reporters.JUnitReportReporter -->
<testsuite hostname="SDMQA-S67" name="icix.Tests.TC10752_Test" tests="1" failures="0" timestamp="22 Feb 2017 13:01:26 GMT" time="436.211" errors="0">
  <testcase name="VerifySendReqAtRespSide" time="436.211" classname="icix.Tests.TC10752_Test"/>
</testsuite> <!-- icix.Tests.TC10752_Test -->
