<?xml version="1.0" encoding="UTF-8"?>
<!-- Generated by org.testng.reporters.JUnitReportReporter -->
<testsuite hostname="DESKTOP-JBB3FTI" name="com.org.Example.myproject.TC9665_Test" tests="1" failures="0" timestamp="8 Jul 2016 10:29:40 GMT" time="172.515" errors="0">
  <testcase name="test" time="172.515" classname="com.org.Example.myproject.TC9665_Test"/>
</testsuite> <!-- com.org.Example.myproject.TC9665_Test -->
