<?xml version="1.0" encoding="UTF-8"?>
<!-- Generated by org.testng.reporters.JUnitReportReporter -->
<testsuite hostname="SDN-151" name="com.org.Example.myproject.QuestionSearch_ByAnswertypeTest" tests="1" failures="0" timestamp="29 Apr 2016 10:49:59 GMT" time="253.339" errors="0">
  <testcase name="createNew_form" time="253.339" classname="com.org.Example.myproject.QuestionSearch_ByAnswertypeTest"/>
</testsuite> <!-- com.org.Example.myproject.QuestionSearch_ByAnswertypeTest -->
