<?xml version="1.0" encoding="UTF-8"?>
<!-- Generated by org.testng.reporters.JUnitReportReporter -->
<testsuite hostname="DESKTOP-JBB3FTI" name="com.org.Example.myproject.TC9667_Test" tests="1" failures="0" timestamp="1 Jul 2016 09:39:42 GMT" time="95.178" errors="0">
  <testcase name="Productgroup" time="95.178" classname="com.org.Example.myproject.TC9667_Test"/>
</testsuite> <!-- com.org.Example.myproject.TC9667_Test -->
