<?xml version="1.0" encoding="UTF-8"?>
<!-- Generated by org.testng.reporters.JUnitReportReporter -->
<testsuite hostname="SDN-154" name="com.org.Example.myproject.TC9666_Test" tests="1" failures="0" timestamp="13 Jun 2016 19:45:02 GMT" time="160.328" errors="0">
  <testcase name="SetAndSendCompilince" time="160.328" classname="com.org.Example.myproject.TC9666_Test"/>
</testsuite> <!-- com.org.Example.myproject.TC9666_Test -->
