<?xml version="1.0" encoding="UTF-8"?>
<!-- Generated by org.testng.reporters.JUnitReportReporter -->
<testsuite hostname="SDN-151" name="com.org.Example.myproject.CreatenewformTest" tests="1" failures="0" timestamp="29 Apr 2016 10:49:59 GMT" time="287.007" errors="0">
  <testcase name="createNew_form" time="287.007" classname="com.org.Example.myproject.CreatenewformTest"/>
</testsuite> <!-- com.org.Example.myproject.CreatenewformTest -->
