<?xml version="1.0" encoding="UTF-8"?>
<!-- Generated by org.testng.reporters.JUnitReportReporter -->
<testsuite hostname="SDN-151" name="com.org.Example.myproject.TC9667_Test" tests="1" failures="0" timestamp="4 May 2016 12:10:32 GMT" time="190.178" errors="0">
  <testcase name="Productgroup" time="190.178" classname="com.org.Example.myproject.TC9667_Test"/>
</testsuite> <!-- com.org.Example.myproject.TC9667_Test -->
