<?xml version="1.0" encoding="UTF-8"?>
<!-- Generated by org.testng.reporters.JUnitReportReporter -->
<testsuite hostname="SDN-151" name="com.org.Example.myproject.SetAndSendCompilinceTest" tests="1" failures="0" timestamp="26 Apr 2016 05:50:26 GMT" time="3776.875" errors="0">
  <testcase name="SetAndSendCompilince" time="3776.875" classname="com.org.Example.myproject.SetAndSendCompilinceTest"/>
</testsuite> <!-- com.org.Example.myproject.SetAndSendCompilinceTest -->
