<?xml version="1.0" encoding="UTF-8"?>
<!-- Generated by org.testng.reporters.JUnitReportReporter -->
<testsuite hostname="SDN-151" name="com.org.Example.myproject.CreateproductgroupTest" tests="1" failures="0" timestamp="29 Apr 2016 10:49:59 GMT" time="192.887" errors="0">
  <testcase name="Productgroup" time="192.887" classname="com.org.Example.myproject.CreateproductgroupTest"/>
</testsuite> <!-- com.org.Example.myproject.CreateproductgroupTest -->
