<?xml version="1.0" encoding="UTF-8"?>
<!-- Generated by org.testng.reporters.JUnitReportReporter -->
<testsuite hostname="SDN-151" name="com.org.Example.myproject.Edit_TPgroupTest" tests="1" failures="0" timestamp="29 Apr 2016 10:49:59 GMT" time="229.228" errors="0">
  <testcase name="test" time="229.228" classname="com.org.Example.myproject.Edit_TPgroupTest"/>
</testsuite> <!-- com.org.Example.myproject.Edit_TPgroupTest -->
