<?xml version="1.0" encoding="UTF-8"?>
<!-- Generated by org.testng.reporters.JUnitReportReporter -->
<testsuite hostname="SDN-154" name="com.org.Example.myproject.TC9665_Test" tests="1" failures="0" timestamp="13 Jun 2016 19:45:01 GMT" time="205.034" errors="0">
  <testcase name="test" time="205.034" classname="com.org.Example.myproject.TC9665_Test"/>
</testsuite> <!-- com.org.Example.myproject.TC9665_Test -->
