<?xml version="1.0" encoding="UTF-8"?>
<!-- Generated by org.testng.reporters.JUnitReportReporter -->
<testsuite hostname="DESKTOP-JBB3FTI" name="com.org.Example.myproject.TC9659_Test" tests="1" failures="0" timestamp="6 Jul 2016 09:17:59 GMT" time="115.622" errors="0">
  <testcase name="Tagstest" time="115.622" classname="com.org.Example.myproject.TC9659_Test"/>
</testsuite> <!-- com.org.Example.myproject.TC9659_Test -->
