<?xml version="1.0" encoding="UTF-8"?>
<!-- Generated by org.testng.reporters.JUnitReportReporter -->
<testsuite hostname="DESKTOP-JBB3FTI" name="com.org.Example.myproject.TC9648_Test" tests="1" failures="0" timestamp="8 Jul 2016 09:59:50 GMT" time="99.190" errors="0">
  <testcase name="testSearchByIcixId" time="99.190" classname="com.org.Example.myproject.TC9648_Test"/>
</testsuite> <!-- com.org.Example.myproject.TC9648_Test -->
