<?xml version="1.0" encoding="UTF-8"?>
<!-- Generated by org.testng.reporters.JUnitReportReporter -->
<testsuite hostname="SDMMAC-F60-2.local" name="com.org.Example.myproject.TC9649_Test" tests="1" failures="0" timestamp="19 Oct 2016 10:16:25 GMT" time="66.427" errors="0">
  <testcase name="testSearchByIcixId" time="66.427" classname="com.org.Example.myproject.TC9649_Test"/>
</testsuite> <!-- com.org.Example.myproject.TC9649_Test -->
