<?xml version="1.0" encoding="UTF-8"?>
<!-- Generated by org.testng.reporters.JUnitReportReporter -->
<testsuite hostname="SDN-151" name="com.org.Example.myproject.TPSearchAddressTest" tests="1" failures="0" timestamp="29 Apr 2016 10:50:00 GMT" time="138.577" errors="0">
  <testcase name="testSearchByIcixId" time="138.577" classname="com.org.Example.myproject.TPSearchAddressTest"/>
</testsuite> <!-- com.org.Example.myproject.TPSearchAddressTest -->
