<?xml version="1.0" encoding="UTF-8"?>
<!-- Generated by org.testng.reporters.JUnitReportReporter -->
<testsuite hostname="SDMQA-S67" name="icix.Tests.TC9648_Test" tests="1" failures="0" timestamp="27 Feb 2017 05:43:19 GMT" time="96.587" errors="0">
  <testcase name="SearchByCompanyName" time="96.587" classname="icix.Tests.TC9648_Test"/>
</testsuite> <!-- icix.Tests.TC9648_Test -->
