<?xml version="1.0" encoding="UTF-8"?>
<!-- Generated by org.testng.reporters.JUnitReportReporter -->
<testsuite hostname="SDMMAC-F60-2.local" name="com.org.Example.myproject.TC9668_Test" tests="1" failures="0" timestamp="19 Oct 2016 10:16:25 GMT" time="108.441" errors="0">
  <testcase name="test" time="108.441" classname="com.org.Example.myproject.TC9668_Test"/>
</testsuite> <!-- com.org.Example.myproject.TC9668_Test -->
