<?xml version="1.0" encoding="UTF-8"?>
<!-- Generated by org.testng.reporters.JUnitReportReporter -->
<testsuite hostname="SDN-151" name="com.org.Example.myproject.CreatenewquestionTest" tests="1" failures="0" timestamp="29 Apr 2016 10:49:59 GMT" time="268.687" errors="0">
  <testcase name="createNew_Question" time="268.687" classname="com.org.Example.myproject.CreatenewquestionTest"/>
</testsuite> <!-- com.org.Example.myproject.CreatenewquestionTest -->
