<?xml version="1.0" encoding="UTF-8"?>
<!-- Generated by org.testng.reporters.JUnitReportReporter -->
<testsuite hostname="SDN-271" name="icix.Tests.TC10782_Test" tests="1" failures="0" timestamp="29 Aug 2017 14:45:55 GMT" time="91.202" errors="0">
  <testcase name="TestProductSearchByUniID" time="91.202" classname="icix.Tests.TC10782_Test"/>
</testsuite> <!-- icix.Tests.TC10782_Test -->
