<?xml version="1.0" encoding="UTF-8"?>
<!-- Generated by org.testng.reporters.JUnitReportReporter -->
<testsuite hostname="SDN-151" name="com.org.Example.myproject.QuestionSearch_ByAnswertypeTest" tests="1" failures="0" timestamp="26 Apr 2016 05:50:26 GMT" time="255.604" errors="0">
  <testcase name="createNew_form" time="255.604" classname="com.org.Example.myproject.QuestionSearch_ByAnswertypeTest"/>
</testsuite> <!-- com.org.Example.myproject.QuestionSearch_ByAnswertypeTest -->
