<?xml version="1.0" encoding="UTF-8"?>
<!-- Generated by org.testng.reporters.JUnitReportReporter -->
<testsuite hostname="Rupeshs-MacBook-Pro-2.local" name="com.org.Example.myproject.TC9672_Test" tests="1" failures="0" timestamp="21 Sep 2016 07:28:40 GMT" time="167.376" errors="0">
  <testcase name="TwoActorWorkFlow" time="167.376" classname="com.org.Example.myproject.TC9672_Test"/>
</testsuite> <!-- com.org.Example.myproject.TC9672_Test -->
