<?xml version="1.0" encoding="UTF-8"?>
<!-- Generated by org.testng.reporters.JUnitReportReporter -->
<testsuite hostname="SDN-151" name="com.org.Example.myproject.TPSearchIDTest" tests="1" failures="0" timestamp="28 Apr 2016 06:55:57 GMT" time="141.555" errors="0">
  <testcase name="testSearchByIcixId" time="141.555" classname="com.org.Example.myproject.TPSearchIDTest"/>
</testsuite> <!-- com.org.Example.myproject.TPSearchIDTest -->
