<?xml version="1.0" encoding="UTF-8"?>
<!-- Generated by org.testng.reporters.JUnitReportReporter -->
<testsuite hostname="SDN-151" name="com.org.Example.myproject.Connectto_TpartnerTest" tests="1" failures="0" timestamp="28 Apr 2016 06:55:58 GMT" time="218.306" errors="0">
  <testcase name="Auccount_verification" time="218.306" classname="com.org.Example.myproject.Connectto_TpartnerTest"/>
</testsuite> <!-- com.org.Example.myproject.Connectto_TpartnerTest -->
