<?xml version="1.0" encoding="UTF-8"?>
<!-- Generated by org.testng.reporters.JUnitReportReporter -->
<testsuite hostname="SDEI-MS-SD02" name="icix.Tests.TC10896_Test" tests="1" failures="0" timestamp="6 Jan 2017 18:26:03 GMT" time="1191.893" errors="0">
  <testcase name="Verify3ActorWorkflow" time="1191.893" classname="icix.Tests.TC10896_Test"/>
</testsuite> <!-- icix.Tests.TC10896_Test -->
