<?xml version="1.0" encoding="UTF-8"?>
<!-- Generated by org.testng.reporters.JUnitReportReporter -->
<testsuite hostname="SDEI-MS-SD02" name="icix.Tests.Verify3ActorWFFailScenario" tests="1" failures="0" timestamp="6 Jan 2017 09:49:39 GMT" time="189.335" errors="0">
  <testcase name="Verifythe3ActorWorkflowFailScenario" time="189.335" classname="icix.Tests.Verify3ActorWFFailScenario"/>
</testsuite> <!-- icix.Tests.Verify3ActorWFFailScenario -->
