<?xml version="1.0" encoding="UTF-8"?>
<!-- Generated by org.testng.reporters.JUnitReportReporter -->
<testsuite hostname="DESKTOP-32AV7CG" name="com.org.Example.myproject.TC9675_Test" tests="1" failures="0" timestamp="20 Sep 2016 08:18:58 GMT" time="81.031" errors="0">
  <testcase name="uploadpublicdocument" time="81.031" classname="com.org.Example.myproject.TC9675_Test"/>
</testsuite> <!-- com.org.Example.myproject.TC9675_Test -->
