<?xml version="1.0" encoding="UTF-8"?>
<!-- Generated by org.testng.reporters.JUnitReportReporter -->
<testsuite hostname="SDN-151" name="com.org.Example.myproject.TPsearchWithCombinationTest" tests="1" failures="0" timestamp="28 Apr 2016 06:55:58 GMT" time="151.641" errors="0">
  <testcase name="testSearchByIcixId" time="151.641" classname="com.org.Example.myproject.TPsearchWithCombinationTest"/>
</testsuite> <!-- com.org.Example.myproject.TPsearchWithCombinationTest -->
