<?xml version="1.0" encoding="UTF-8"?>
<!-- Generated by org.testng.reporters.JUnitReportReporter -->
<testsuite hostname="SDN-151" name="com.org.Example.myproject.TC9671_Test" tests="1" failures="0" timestamp="5 May 2016 13:50:21 GMT" time="252.858" errors="0">
  <testcase name="createNew_form" time="252.858" classname="com.org.Example.myproject.TC9671_Test"/>
</testsuite> <!-- com.org.Example.myproject.TC9671_Test -->
