<?xml version="1.0" encoding="UTF-8"?>
<!-- Generated by org.testng.reporters.JUnitReportReporter -->
<testsuite hostname="SDN-151" name="com.org.Example.myproject.Send_DocumentsTest" tests="1" failures="0" timestamp="28 Apr 2016 06:55:58 GMT" time="171.180" errors="0">
  <testcase name="send_document" time="171.180" classname="com.org.Example.myproject.Send_DocumentsTest"/>
</testsuite> <!-- com.org.Example.myproject.Send_DocumentsTest -->
