<?xml version="1.0" encoding="UTF-8"?>
<!-- Generated by org.testng.reporters.JUnitReportReporter -->
<testsuite hostname="SDN-151" name="com.org.Example.myproject.EditProductgroupTest" tests="1" failures="0" timestamp="29 Apr 2016 10:49:59 GMT" time="214.557" errors="0">
  <testcase name="test" time="214.557" classname="com.org.Example.myproject.EditProductgroupTest"/>
</testsuite> <!-- com.org.Example.myproject.EditProductgroupTest -->
