<?xml version="1.0" encoding="UTF-8"?>
<!-- Generated by org.testng.reporters.JUnitReportReporter -->
<testsuite hostname="SDN-151" name="com.org.Example.myproject.TC9666_Test" tests="1" failures="0" timestamp="4 May 2016 12:10:31 GMT" time="212.410" errors="0">
  <testcase name="SetAndSendCompilince" time="212.410" classname="com.org.Example.myproject.TC9666_Test"/>
</testsuite> <!-- com.org.Example.myproject.TC9666_Test -->
