<?xml version="1.0" encoding="UTF-8"?>
<!-- Generated by org.testng.reporters.JUnitReportReporter -->
<testsuite hostname="Training-14" name="com.org.Example.myproject.TC10460_Test" tests="1" failures="0" timestamp="29 Sep 2016 11:46:19 GMT" time="63.294" errors="0">
  <testcase name="TPG_Tags" time="63.294" classname="com.org.Example.myproject.TC10460_Test"/>
</testsuite> <!-- com.org.Example.myproject.TC10460_Test -->
