<?xml version="1.0" encoding="UTF-8"?>
<!-- Generated by org.testng.reporters.JUnitReportReporter -->
<testsuite hostname="SDN-151" name="com.org.Example.myproject.ProductTwo_ActorworkflowTest" tests="1" failures="0" timestamp="29 Apr 2016 10:49:59 GMT" time="292.901" errors="0">
  <testcase name="productTwoactor_workflow" time="292.901" classname="com.org.Example.myproject.ProductTwo_ActorworkflowTest"/>
</testsuite> <!-- com.org.Example.myproject.ProductTwo_ActorworkflowTest -->
