<?xml version="1.0" encoding="UTF-8"?>
<!-- Generated by org.testng.reporters.JUnitReportReporter -->
<testsuite hostname="SDMMAC-F60-2.local" name="com.org.Example.myproject.TC9672_Test" tests="1" failures="0" timestamp="19 Sep 2016 06:09:46 GMT" time="145.383" errors="0">
  <testcase name="TwoActorWorkFlow" time="145.383" classname="com.org.Example.myproject.TC9672_Test"/>
</testsuite> <!-- com.org.Example.myproject.TC9672_Test -->
