<?xml version="1.0" encoding="UTF-8"?>
<!-- Generated by org.testng.reporters.JUnitReportReporter -->
<testsuite hostname="harikrishnav-F07" name="com.org.Example.myproject.TC10799_Test" tests="1" failures="0" timestamp="17 Feb 2017 10:39:28 GMT" time="392.801" errors="0">
  <testcase name="AutoReqCreationAddTP" time="392.801" classname="com.org.Example.myproject.TC10799_Test"/>
</testsuite> <!-- com.org.Example.myproject.TC10799_Test -->
