<?xml version="1.0" encoding="UTF-8"?>
<!-- Generated by org.testng.reporters.JUnitReportReporter -->
<testsuite hostname="SDN-151" name="com.org.Example.myproject.TC9664_Test" tests="1" failures="0" timestamp="2 May 2016 09:36:23 GMT" time="206.246" errors="0">
  <testcase name="test" time="206.246" classname="com.org.Example.myproject.TC9664_Test"/>
</testsuite> <!-- com.org.Example.myproject.TC9664_Test -->
