<?xml version="1.0" encoding="UTF-8"?>
<!-- Generated by org.testng.reporters.JUnitReportReporter -->
<testsuite hostname="SDEI-MS-SD02" name="icix.Tests.TC10899_Test" tests="1" failures="0" timestamp="6 Jan 2017 17:47:54 GMT" time="1056.019" errors="0">
  <testcase name="Verifythe3ActorWorkflowFailScenario" time="1056.019" classname="icix.Tests.TC10899_Test"/>
</testsuite> <!-- icix.Tests.TC10899_Test -->
