<?xml version="1.0" encoding="UTF-8"?>
<!-- Generated by org.testng.reporters.JUnitReportReporter -->
<testsuite hostname="SDMMAC-F60-2.local" name="com.org.Example.myproject.TC9648_Test" tests="1" failures="0" timestamp="19 Sep 2016 06:09:46 GMT" time="54.569" errors="0">
  <testcase name="testSearchByIcixId" time="54.569" classname="com.org.Example.myproject.TC9648_Test"/>
</testsuite> <!-- com.org.Example.myproject.TC9648_Test -->
