<?xml version="1.0" encoding="UTF-8"?>
<!-- Generated by org.testng.reporters.JUnitReportReporter -->
<testsuite hostname="SDN-151" name="com.org.Example.myproject.Send_DocumentsTest" tests="1" failures="0" timestamp="29 Apr 2016 10:50:00 GMT" time="140.038" errors="0">
  <testcase name="send_document" time="140.038" classname="com.org.Example.myproject.Send_DocumentsTest"/>
</testsuite> <!-- com.org.Example.myproject.Send_DocumentsTest -->
