<?xml version="1.0" encoding="UTF-8"?>
<!-- Generated by org.testng.reporters.JUnitReportReporter -->
<testsuite hostname="SDEI-MS-SD02" name="icix.Tests.CreateProductFor3ActorWF" tests="1" failures="0" timestamp="6 Jan 2017 05:04:59 GMT" time="385.098" errors="0">
  <testcase name="createProduct" time="385.098" classname="icix.Tests.CreateProductFor3ActorWF"/>
</testsuite> <!-- icix.Tests.CreateProductFor3ActorWF -->
