<?xml version="1.0" encoding="UTF-8"?>
<!-- Generated by org.testng.reporters.JUnitReportReporter -->
<testsuite hostname="SDN-151" name="com.org.Example.myproject.Connectto_TpartnerTest" tests="1" failures="0" timestamp="29 Apr 2016 10:50:00 GMT" time="98.398" errors="0">
  <testcase name="Auccount_verification" time="98.398" classname="com.org.Example.myproject.Connectto_TpartnerTest"/>
</testsuite> <!-- com.org.Example.myproject.Connectto_TpartnerTest -->
