<?xml version="1.0" encoding="UTF-8"?>
<!-- Generated by org.testng.reporters.JUnitReportReporter -->
<testsuite hostname="SDEI-MS-SD02" name="icix.Tests.TC10900_Test" tests="1" failures="0" timestamp="6 Jan 2017 18:53:06 GMT" time="309.647" errors="0">
  <testcase name="createProduct" time="309.647" classname="icix.Tests.TC10900_Test"/>
</testsuite> <!-- icix.Tests.TC10900_Test -->
