<?xml version="1.0" encoding="UTF-8"?>
<!-- Generated by org.testng.reporters.JUnitReportReporter -->
<testsuite hostname="SDN-154" name="com.org.Example.myproject.TC9881_Test" tests="1" failures="0" timestamp="13 Jun 2016 19:45:01 GMT" time="380.297" errors="0">
  <testcase name="createNew_form" time="380.297" classname="com.org.Example.myproject.TC9881_Test"/>
</testsuite> <!-- com.org.Example.myproject.TC9881_Test -->
