<?xml version="1.0" encoding="UTF-8"?>
<!-- Generated by org.testng.reporters.JUnitReportReporter -->
<testsuite hostname="Rupeshs-MacBook-Pro-2.local" name="com.org.Example.myproject.TC9673_Test" tests="1" failures="0" timestamp="21 Sep 2016 07:28:40 GMT" time="136.158" errors="0">
  <testcase name="productTwoactor_workflow" time="136.158" classname="com.org.Example.myproject.TC9673_Test"/>
</testsuite> <!-- com.org.Example.myproject.TC9673_Test -->
