<?xml version="1.0" encoding="UTF-8"?>
<!-- Generated by org.testng.reporters.JUnitReportReporter -->
<testsuite hostname="SDEI-MS-SD02" name="icix.Tests.TC10902_Test" tests="1" failures="0" timestamp="6 Jan 2017 18:10:40 GMT" time="1524.106" errors="0">
  <testcase name="verifyApproveRequestAfterRejectingOnce" time="1524.106" classname="icix.Tests.TC10902_Test"/>
</testsuite> <!-- icix.Tests.TC10902_Test -->
