<?xml version="1.0" encoding="UTF-8"?>
<!-- Generated by org.testng.reporters.JUnitReportReporter -->
<testsuite hostname="SDN-151" name="com.org.Example.myproject.EditProductgroupTest" tests="1" failures="0" timestamp="26 Apr 2016 05:50:26 GMT" time="225.010" errors="0">
  <testcase name="test" time="225.010" classname="com.org.Example.myproject.EditProductgroupTest"/>
</testsuite> <!-- com.org.Example.myproject.EditProductgroupTest -->
