<?xml version="1.0" encoding="UTF-8"?>
<!-- Generated by org.testng.reporters.JUnitReportReporter -->
<testsuite hostname="SDN-154" name="com.org.Example.myproject.TC9651_Test" tests="1" failures="0" timestamp="13 Jun 2016 19:45:02 GMT" time="136.824" errors="0">
  <testcase name="testSearchByIcixId" time="136.824" classname="com.org.Example.myproject.TC9651_Test"/>
</testsuite> <!-- com.org.Example.myproject.TC9651_Test -->
