<?xml version="1.0" encoding="UTF-8"?>
<!-- Generated by org.testng.reporters.JUnitReportReporter -->
<testsuite hostname="DESKTOP-JBB3FTI" name="com.org.Example.myproject.TC9650_Test" tests="1" failures="0" timestamp="8 Jul 2016 09:59:50 GMT" time="105.023" errors="0">
  <testcase name="testSearchByIcixId" time="105.023" classname="com.org.Example.myproject.TC9650_Test"/>
</testsuite> <!-- com.org.Example.myproject.TC9650_Test -->
