<?xml version="1.0" encoding="UTF-8"?>
<!-- Generated by org.testng.reporters.JUnitReportReporter -->
<testsuite hostname="SDEI-MS-SD02" name="icix.Tests.FirstRejectionSeenario" tests="1" failures="0" timestamp="5 Jan 2017 17:06:19 GMT" time="2117.578" errors="0">
  <testcase name="verifyApproveRequestAfterRejectingOnce" time="2117.578" classname="icix.Tests.FirstRejectionSeenario"/>
</testsuite> <!-- icix.Tests.FirstRejectionSeenario -->
