<?xml version="1.0" encoding="UTF-8"?>
<!-- Generated by org.testng.reporters.JUnitReportReporter -->
<testsuite hostname="SDMMAC-F60-2.local" name="com.org.Example.myproject.TC9667_Test" tests="1" failures="0" timestamp="19 Sep 2016 09:39:45 GMT" time="83.990" errors="0">
  <testcase name="Productgroup" time="83.990" classname="com.org.Example.myproject.TC9667_Test"/>
</testsuite> <!-- com.org.Example.myproject.TC9667_Test -->
