<?xml version="1.0" encoding="UTF-8"?>
<!-- Generated by org.testng.reporters.JUnitReportReporter -->
<testsuite hostname="SDN-151" name="com.org.Example.myproject.CreateNew_TagTest" tests="1" failures="0" timestamp="28 Apr 2016 06:55:58 GMT" time="212.816" errors="0">
  <testcase name="Tagstest" time="212.816" classname="com.org.Example.myproject.CreateNew_TagTest"/>
</testsuite> <!-- com.org.Example.myproject.CreateNew_TagTest -->
