<?xml version="1.0" encoding="UTF-8"?>
<!-- Generated by org.testng.reporters.JUnitReportReporter -->
<testsuite hostname="SDN-154" name="com.org.Example.myproject.TC9647_Test" tests="1" failures="0" timestamp="13 Jun 2016 19:45:01 GMT" time="100.257" errors="0">
  <testcase name="Auccount_verification" time="100.257" classname="com.org.Example.myproject.TC9647_Test"/>
</testsuite> <!-- com.org.Example.myproject.TC9647_Test -->
