<?xml version="1.0" encoding="UTF-8"?>
<!-- Generated by org.testng.reporters.JUnitReportReporter -->
<testsuite hostname="SDN-151" name="com.org.Example.myproject.TC9658_Test" tests="1" failures="0" timestamp="5 May 2016 13:50:20 GMT" time="339.018" errors="0">
  <testcase name="searchingfor_conectTOproduct" time="339.018" classname="com.org.Example.myproject.TC9658_Test"/>
</testsuite> <!-- com.org.Example.myproject.TC9658_Test -->
