<?xml version="1.0" encoding="UTF-8"?>
<!-- Generated by org.testng.reporters.JUnitReportReporter -->
<testsuite hostname="SDMQA-S67" name="icix.Tests.TC10799_Test" tests="1" failures="0" timestamp="25 Feb 2017 12:22:42 GMT" time="214.979" errors="0">
  <testcase name="AutoReqCreationAddTP" time="214.979" classname="icix.Tests.TC10799_Test"/>
</testsuite> <!-- icix.Tests.TC10799_Test -->
