<?xml version="1.0" encoding="UTF-8"?>
<!-- Generated by org.testng.reporters.JUnitReportReporter -->
<testsuite hostname="SDN-151" name="com.org.Example.myproject.SetAndSendCompilinceTest" tests="1" failures="0" timestamp="28 Apr 2016 06:55:58 GMT" time="288.627" errors="0">
  <testcase name="SetAndSendCompilince" time="288.627" classname="com.org.Example.myproject.SetAndSendCompilinceTest"/>
</testsuite> <!-- com.org.Example.myproject.SetAndSendCompilinceTest -->
