<?xml version="1.0" encoding="UTF-8"?>
<!-- Generated by org.testng.reporters.JUnitReportReporter -->
<testsuite hostname="SDN-271" name="icix.Tests.TC10781_Test" tests="1" failures="0" timestamp="29 Aug 2017 14:45:55 GMT" time="206.933" errors="0">
  <testcase name="CreateProductWithoutUID" time="206.933" classname="icix.Tests.TC10781_Test"/>
</testsuite> <!-- icix.Tests.TC10781_Test -->
