<?xml version="1.0" encoding="UTF-8"?>
<!-- Generated by org.testng.reporters.JUnitReportReporter -->
<testsuite hostname="DESKTOP-JBB3FTI" name="com.org.Example.myproject.TC9663_Test" tests="1" failures="0" timestamp="8 Jul 2016 10:29:40 GMT" time="148.333" errors="0">
  <testcase name="Edit_TradingPartner" time="148.333" classname="com.org.Example.myproject.TC9663_Test"/>
</testsuite> <!-- com.org.Example.myproject.TC9663_Test -->
