<?xml version="1.0" encoding="UTF-8"?>
<!-- Generated by org.testng.reporters.JUnitReportReporter -->
<testsuite hostname="DESKTOP-32AV7CG" name="com.org.Example.myproject.TC10467_Test" tests="1" failures="0" timestamp="20 Sep 2016 08:18:58 GMT" time="69.544" errors="0">
  <testcase name="TPG_tag_status_and_Type" time="69.544" classname="com.org.Example.myproject.TC10467_Test"/>
</testsuite> <!-- com.org.Example.myproject.TC10467_Test -->
