<?xml version="1.0" encoding="UTF-8"?>
<!-- Generated by org.testng.reporters.JUnitReportReporter -->
<testsuite hostname="SDMQA-S67" name="icix.Tests.TC9675_Test" tests="1" failures="0" timestamp="22 Feb 2017 07:44:19 GMT" time="104.646" errors="0">
  <testcase name="Upload" time="104.646" classname="icix.Tests.TC9675_Test"/>
</testsuite> <!-- icix.Tests.TC9675_Test -->
