<?xml version="1.0" encoding="UTF-8"?>
<!-- Generated by org.testng.reporters.JUnitReportReporter -->
<testsuite hostname="SDN-151" name="com.org.Example.myproject.TC9649_Test" tests="1" failures="0" timestamp="4 May 2016 12:10:31 GMT" time="142.686" errors="0">
  <testcase name="testSearchByIcixId" time="142.686" classname="com.org.Example.myproject.TC9649_Test"/>
</testsuite> <!-- com.org.Example.myproject.TC9649_Test -->
