<?xml version="1.0" encoding="UTF-8"?>
<!-- Generated by org.testng.reporters.JUnitReportReporter -->
<testsuite hostname="SDMMAC-F60-2.local" name="com.org.Example.myproject.TC9659_Test" tests="1" failures="0" timestamp="29 Sep 2016 13:00:49 GMT" time="82.234" errors="0">
  <testcase name="Tagstest" time="82.234" classname="com.org.Example.myproject.TC9659_Test"/>
</testsuite> <!-- com.org.Example.myproject.TC9659_Test -->
