<?xml version="1.0" encoding="UTF-8"?>
<!-- Generated by org.testng.reporters.JUnitReportReporter -->
<testsuite hostname="SDN-151" name="com.org.Example.myproject.Tp_groupTest" tests="1" failures="0" timestamp="29 Apr 2016 10:50:00 GMT" time="190.917" errors="0">
  <testcase name="test" time="190.917" classname="com.org.Example.myproject.Tp_groupTest"/>
</testsuite> <!-- com.org.Example.myproject.Tp_groupTest -->
