<?xml version="1.0" encoding="UTF-8"?>
<!-- Generated by org.testng.reporters.JUnitReportReporter -->
<testsuite hostname="soumitrip-2013" name="icix.Tests.TC10782_Test" tests="1" failures="0" timestamp="2 Mar 2017 15:20:51 GMT" time="88.546" errors="0">
  <testcase name="TestProductSearchByUniID" time="88.546" classname="icix.Tests.TC10782_Test"/>
</testsuite> <!-- icix.Tests.TC10782_Test -->
