<?xml version="1.0" encoding="UTF-8"?>
<!-- Generated by org.testng.reporters.JUnitReportReporter -->
<testsuite hostname="SDN-154" name="com.org.Example.myproject.TC9876_Test" tests="1" failures="0" timestamp="13 Jun 2016 19:45:03 GMT" time="388.122" errors="0">
  <testcase name="createNew_form" time="388.122" classname="com.org.Example.myproject.TC9876_Test"/>
</testsuite> <!-- com.org.Example.myproject.TC9876_Test -->
