<?xml version="1.0" encoding="UTF-8"?>
<!-- Generated by org.testng.reporters.JUnitReportReporter -->
<testsuite hostname="SDN-151" name="com.org.Example.myproject.TC9669_Test" tests="1" failures="0" timestamp="9 May 2016 07:52:51 GMT" time="201.453" errors="0">
  <testcase name="createNew_Question" time="201.453" classname="com.org.Example.myproject.TC9669_Test"/>
</testsuite> <!-- com.org.Example.myproject.TC9669_Test -->
