<?xml version="1.0" encoding="UTF-8"?>
<!-- Generated by org.testng.reporters.JUnitReportReporter -->
<testsuite hostname="SDN-151" name="com.org.Example.myproject.CreatenewformTest" tests="1" failures="0" timestamp="28 Apr 2016 06:55:58 GMT" time="311.822" errors="0">
  <testcase name="createNew_form" time="311.822" classname="com.org.Example.myproject.CreatenewformTest"/>
</testsuite> <!-- com.org.Example.myproject.CreatenewformTest -->
