<?xml version="1.0" encoding="UTF-8"?>
<!-- Generated by org.testng.reporters.JUnitReportReporter -->
<testsuite hostname="SDMMAC-F60-2.local" name="com.org.Example.myproject.TC9650_Test" tests="1" failures="0" timestamp="10 Nov 2016 05:22:36 GMT" time="77.199" errors="0">
  <testcase name="testSearchByIcixId" time="77.199" classname="com.org.Example.myproject.TC9650_Test"/>
</testsuite> <!-- com.org.Example.myproject.TC9650_Test -->
