<?xml version="1.0" encoding="UTF-8"?>
<!-- Generated by org.testng.reporters.JUnitReportReporter -->
<testsuite hostname="Training-14" name="com.org.Example.myproject.TC10461_Test" tests="1" failures="0" timestamp="29 Sep 2016 11:46:19 GMT" time="62.533" errors="0">
  <testcase name="TPG_Relationship_Status" time="62.533" classname="com.org.Example.myproject.TC10461_Test"/>
</testsuite> <!-- com.org.Example.myproject.TC10461_Test -->
