<?xml version="1.0" encoding="UTF-8"?>
<!-- Generated by org.testng.reporters.JUnitReportReporter -->
<testsuite hostname="SDN-151" name="com.org.Example.myproject.TPsearchPostalCodeTest" tests="1" failures="0" timestamp="26 Apr 2016 05:50:26 GMT" time="134.434" errors="0">
  <testcase name="testSearchByIcixId" time="134.434" classname="com.org.Example.myproject.TPsearchPostalCodeTest"/>
</testsuite> <!-- com.org.Example.myproject.TPsearchPostalCodeTest -->
