<?xml version="1.0" encoding="UTF-8"?>
<!-- Generated by org.testng.reporters.JUnitReportReporter -->
<testsuite hostname="SDN-151" name="com.org.Example.myproject.TPsearchCompanyNameTest" tests="1" failures="0" timestamp="28 Apr 2016 06:55:58 GMT" time="194.999" errors="0">
  <testcase name="testSearchByIcixId" time="194.999" classname="com.org.Example.myproject.TPsearchCompanyNameTest"/>
</testsuite> <!-- com.org.Example.myproject.TPsearchCompanyNameTest -->
